{"level":"info","message":"Successfully fetch all UserInput saved by BOT","timestamp":"2024-04-01T13:46:17.538Z"}
{"level":"info","message":"Successfully fetch (but no record found) UserInput saved by BOT","timestamp":"2024-04-01T13:56:30.592Z"}
{"level":"info","message":"Successfully fetch (but no record found) UserInput saved by BOT","timestamp":"2024-04-01T13:56:32.918Z"}
{"level":"info","message":"Successfully fetch (but no record found) UserInput saved by BOT","timestamp":"2024-04-01T13:56:33.087Z"}
{"level":"info","message":"Successfully fetch (but no record found) UserInput saved by BOT","timestamp":"2024-04-01T13:56:33.257Z"}
{"level":"info","message":"Successfully fetch (but no record found) UserInput saved by BOT","timestamp":"2024-04-01T13:56:33.414Z"}
{"level":"info","message":"Successfully fetch (but no record found) UserInput saved by BOT","timestamp":"2024-04-01T13:56:33.568Z"}
{"level":"info","message":"Successfully fetch (but no record found) UserInput saved by BOT","timestamp":"2024-04-01T13:56:33.719Z"}
{"level":"info","message":"Successfully fetch (but no record found) UserInput saved by BOT","timestamp":"2024-04-01T13:56:33.871Z"}
{"level":"info","message":"Successfully fetch (but no record found) UserInput saved by BOT","timestamp":"2024-04-01T13:56:34.151Z"}
{"level":"info","message":"Successfully fetch (but no record found) UserInput saved by BOT","timestamp":"2024-04-01T13:56:34.321Z"}
{"level":"info","message":"Successfully fetch (but no record found) UserInput saved by BOT","timestamp":"2024-04-01T13:56:34.488Z"}
{"level":"info","message":"Successfully fetch (but no record found) UserInput saved by BOT","timestamp":"2024-04-01T14:01:01.797Z"}
{"level":"info","message":"Successfully fetch (but no record found) UserInput saved by BOT","timestamp":"2024-04-01T14:01:05.801Z"}
{"level":"info","message":"Successfully fetch (but no record found) UserInput saved by BOT","timestamp":"2024-04-01T14:01:06.566Z"}
{"level":"info","message":"Successfully fetch (but no record found) UserInput saved by BOT","timestamp":"2024-04-01T14:01:06.754Z"}
{"level":"info","message":"Successfully fetch (but no record found) UserInput saved by BOT","timestamp":"2024-04-01T14:01:06.921Z"}
{"level":"info","message":"Successfully fetch (but no record found) UserInput saved by BOT","timestamp":"2024-04-01T14:01:07.088Z"}
{"level":"info","message":"Successfully fetch (but no record found) UserInput saved by BOT","timestamp":"2024-04-01T14:01:07.185Z"}
{"level":"info","message":"Successfully fetch (but no record found) UserInput saved by BOT","timestamp":"2024-04-01T14:01:07.481Z"}
{"level":"info","message":"Successfully fetch (but no record found) UserInput saved by BOT","timestamp":"2024-04-01T14:01:07.639Z"}
{"level":"info","message":"Successfully fetch (but no record found) UserInput saved by BOT","timestamp":"2024-04-01T14:01:07.976Z"}
{"level":"info","message":"Successfully fetch (but no record found) UserInput saved by BOT","timestamp":"2024-04-01T14:01:08.148Z"}
{"level":"info","message":"Successfully fetch (but no record found) UserInput saved by BOT","timestamp":"2024-04-01T14:01:08.318Z"}
{"level":"info","message":"Successfully fetch (but no record found) UserInput saved by BOT","timestamp":"2024-04-01T14:01:08.610Z"}
{"level":"info","message":"Successfully fetch (but no record found) UserInput saved by BOT","timestamp":"2024-04-01T14:01:08.766Z"}
{"level":"info","message":"Successfully fetch (but no record found) UserInput saved by BOT","timestamp":"2024-04-01T14:01:08.929Z"}
{"level":"info","message":"Successfully fetch (but no record found) UserInput saved by BOT","timestamp":"2024-04-01T14:01:09.103Z"}
{"level":"info","message":"Successfully fetch (but no record found) UserInput saved by BOT","timestamp":"2024-04-01T14:01:09.264Z"}
{"level":"info","message":"Successfully fetch (but no record found) UserInput saved by BOT","timestamp":"2024-04-01T14:07:42.876Z"}
{"level":"info","message":"Successfully fetch (but no record found) UserInput saved by BOT","timestamp":"2024-04-01T14:07:44.017Z"}
{"level":"info","message":"Successfully fetch (but no record found) UserInput saved by BOT","timestamp":"2024-04-01T14:09:15.372Z"}
{"level":"info","message":"Successfully fetch (but no record found) UserInput saved by BOT","timestamp":"2024-04-01T14:09:22.102Z"}
{"level":"info","message":"Successfully fetch (but no record found) UserInput saved by BOT","timestamp":"2024-04-01T14:09:22.279Z"}
{"level":"info","message":"Successfully fetch (but no record found) UserInput saved by BOT","timestamp":"2024-04-01T14:09:22.449Z"}
{"level":"info","message":"Successfully fetch (but no record found) UserInput saved by BOT","timestamp":"2024-04-01T14:09:22.601Z"}
{"level":"info","message":"Successfully fetch (but no record found) UserInput saved by BOT","timestamp":"2024-04-01T14:09:22.767Z"}
{"level":"info","message":"Successfully fetch (but no record found) UserInput saved by BOT","timestamp":"2024-04-01T14:09:22.923Z"}
{"level":"info","message":"Successfully fetch (but no record found) UserInput saved by BOT","timestamp":"2024-04-01T14:09:23.061Z"}
{"level":"info","message":"Successfully fetch (but no record found) UserInput saved by BOT","timestamp":"2024-04-01T14:09:23.194Z"}
{"level":"info","message":"Successfully fetch (but no record found) UserInput saved by BOT","timestamp":"2024-04-01T14:09:23.741Z"}
{"level":"info","message":"Successfully fetch data(Empty list) submitted by RPA","timestamp":"2024-04-01T14:10:03.945Z"}
{"level":"info","message":"Successfully fetch data(Empty list) submitted by RPA","timestamp":"2024-04-01T14:10:06.442Z"}
{"level":"info","message":"Successfully fetch data(Empty list) submitted by RPA","timestamp":"2024-04-01T14:10:06.821Z"}
{"level":"error","message":"Error occured in Add UserInput saved by BOT","timestamp":"2024-04-08T09:29:32.892Z"}
{"level":"error","message":"Error occured in Add UserInput saved by BOT","timestamp":"2024-04-08T09:29:39.593Z"}
{"level":"error","message":"Error occured in Add UserInput saved by BOT","timestamp":"2024-04-08T09:29:39.813Z"}
{"level":"error","message":"Error occured in Add UserInput saved by BOT","timestamp":"2024-04-08T09:29:46.600Z"}
{"level":"error","message":"Error occured in Add UserInput saved by BOT","timestamp":"2024-04-08T09:29:46.606Z"}
{"level":"error","message":"Error occured in Add UserInput saved by BOT","timestamp":"2024-04-10T12:04:42.173Z"}
{"level":"error","message":"Error occured in Add UserInput saved by BOT","timestamp":"2024-04-10T12:04:48.909Z"}
{"level":"error","message":"Error occured in Add UserInput saved by BOT","timestamp":"2024-04-10T12:04:49.129Z"}
{"level":"error","message":"Error occured in Add UserInput saved by BOT","timestamp":"2024-04-10T12:04:50.925Z"}
{"level":"error","message":"Error occured in Add UserInput saved by BOT","timestamp":"2024-04-10T12:04:50.929Z"}
{"level":"error","message":"Error occured in Add UserInput saved by BOT","timestamp":"2024-04-10T12:04:53.951Z"}
{"level":"error","message":"Error occured in Add UserInput saved by BOT","timestamp":"2024-04-10T12:04:53.959Z"}
{"level":"error","message":"Error occured in Add UserInput saved by BOT","timestamp":"2024-04-10T12:05:21.322Z"}
{"level":"error","message":"Error occured in Add UserInput saved by BOT","timestamp":"2024-04-10T12:05:21.327Z"}
{"level":"error","message":"Error occured in Add UserInput saved by BOT","timestamp":"2024-04-11T14:03:14.992Z"}
{"level":"error","message":"Error occured in Add UserInput saved by BOT","timestamp":"2024-04-11T14:03:21.654Z"}
{"level":"error","message":"Error occured in Add UserInput saved by BOT","timestamp":"2024-04-11T14:03:21.887Z"}
{"level":"error","message":"Error occured in Add UserInput saved by BOT","timestamp":"2024-04-11T14:03:23.661Z"}
{"level":"error","message":"Error occured in Add UserInput saved by BOT","timestamp":"2024-04-11T14:03:23.667Z"}
{"level":"error","message":"Error occured in Add UserInput saved by BOT","timestamp":"2024-04-11T14:03:26.695Z"}
{"level":"error","message":"Error occured in Add UserInput saved by BOT","timestamp":"2024-04-11T14:03:26.698Z"}
{"level":"error","message":"Error occured in Add UserInput saved by BOT","timestamp":"2024-04-11T14:09:52.934Z"}
{"level":"error","message":"Error occured in Add UserInput saved by BOT","timestamp":"2024-04-11T14:09:52.937Z"}
{"level":"error","message":"Error occured in Add UserInput saved by BOT","timestamp":"2024-04-11T14:09:54.018Z"}
{"level":"error","message":"Error occured in Add UserInput saved by BOT","timestamp":"2024-04-11T14:10:15.415Z"}
{"level":"error","message":"Error occured in Add UserInput saved by BOT","timestamp":"2024-04-11T14:10:24.831Z"}
{"level":"info","message":"Successfully fetch all UserInput saved by BOT","timestamp":"2024-04-15T07:25:14.541Z"}
{"level":"info","message":"Successfully fetch (but no record found) UserInput saved by BOT","timestamp":"2024-04-15T07:25:23.182Z"}
{"level":"info","message":"Patient not exist","timestamp":"2024-04-15T07:25:41.268Z"}
{"level":"info","message":"Patient not exist","timestamp":"2024-04-15T07:25:42.156Z"}
{"level":"info","message":"Patient not exist","timestamp":"2024-04-15T07:25:47.474Z"}
{"level":"info","message":"Patient not exist","timestamp":"2024-04-15T07:25:48.449Z"}
{"level":"info","message":"Patient not exist","timestamp":"2024-04-15T07:25:48.682Z"}
{"level":"info","message":"Patient not exist","timestamp":"2024-04-15T07:27:16.833Z"}
{"level":"info","message":"Patient not exist","timestamp":"2024-04-15T07:27:17.429Z"}
{"level":"info","message":"Patient not exist","timestamp":"2024-04-15T07:27:17.585Z"}
{"level":"info","message":"Patient not exist","timestamp":"2024-04-15T07:27:17.768Z"}
{"level":"info","message":"Patient not exist","timestamp":"2024-04-15T07:27:17.918Z"}
{"level":"info","message":"Patient not exist","timestamp":"2024-04-15T07:27:18.085Z"}
{"level":"info","message":"Patient not exist","timestamp":"2024-04-15T07:27:18.246Z"}
{"level":"info","message":"Patient not exist","timestamp":"2024-04-15T07:27:18.400Z"}
{"level":"info","message":"Patient not exist","timestamp":"2024-04-15T07:27:18.560Z"}
{"level":"info","message":"Patient not exist","timestamp":"2024-04-15T07:27:18.695Z"}
{"level":"info","message":"Successfully fetch  UserInput find by BOT","timestamp":"2024-04-15T07:29:58.886Z"}
{"level":"info","message":"Successfully fetch  UserInput find by BOT","timestamp":"2024-04-15T08:21:21.058Z"}
{"level":"info","message":"Patient not exist","timestamp":"2024-04-15T09:47:49.103Z"}
{"level":"info","message":"Successfully fetch  UserInput find by BOT","timestamp":"2024-04-15T09:50:48.716Z"}
{"level":"info","message":"Successfully fetch  UserInput find by BOT","timestamp":"2024-04-15T09:50:50.199Z"}
{"level":"info","message":"Successfully fetch  UserInput find by BOT","timestamp":"2024-04-15T09:50:50.663Z"}
{"level":"info","message":"Successfully fetch  UserInput find by BOT","timestamp":"2024-04-15T09:50:50.830Z"}
{"level":"info","message":"Successfully fetch  UserInput find by BOT","timestamp":"2024-04-15T09:50:51.007Z"}
{"level":"info","message":"Successfully fetch  UserInput find by BOT","timestamp":"2024-04-15T09:50:51.166Z"}
{"level":"info","message":"Successfully fetch  UserInput find by BOT","timestamp":"2024-04-15T09:50:51.329Z"}
{"level":"info","message":"Successfully fetch  UserInput find by BOT","timestamp":"2024-04-15T09:51:18.128Z"}
{"level":"info","message":"Successfully fetch  UserInput find by BOT","timestamp":"2024-04-15T09:51:48.488Z"}
{"level":"info","message":"Successfully fetch  UserInput find by BOT","timestamp":"2024-04-15T09:52:59.465Z"}
{"level":"info","message":"Successfully fetch  UserInput find by BOT","timestamp":"2024-04-15T09:54:41.685Z"}
{"level":"info","message":"Patient not exist","timestamp":"2024-04-15T10:04:49.037Z"}
{"level":"info","message":"Patient not exist","timestamp":"2024-04-15T10:05:12.266Z"}
{"level":"info","message":"Patient not exist","timestamp":"2024-04-15T10:05:13.095Z"}
{"level":"info","message":"Successfully fetch  UserInput find by BOT","timestamp":"2024-04-15T10:11:45.321Z"}
{"level":"info","message":"Successfully fetch  UserInput find by BOT","timestamp":"2024-04-15T10:11:45.971Z"}
{"level":"info","message":"Successfully fetch  UserInput find by BOT","timestamp":"2024-04-15T10:11:46.134Z"}
{"level":"info","message":"Successfully fetch  UserInput find by BOT","timestamp":"2024-04-15T10:11:46.310Z"}
{"level":"info","message":"Patient not exist","timestamp":"2024-04-15T10:12:49.217Z"}
{"level":"info","message":"Patient not exist","timestamp":"2024-04-15T10:13:08.158Z"}
{"level":"info","message":"Patient not exist","timestamp":"2024-04-15T10:13:08.833Z"}
{"level":"info","message":"Patient not exist","timestamp":"2024-04-15T10:13:11.344Z"}
{"level":"info","message":"Patient not exist","timestamp":"2024-04-15T10:13:11.952Z"}
{"level":"info","message":"Patient not exist","timestamp":"2024-04-15T10:13:12.823Z"}
{"level":"info","message":"Patient not exist","timestamp":"2024-04-15T10:13:13.580Z"}
{"level":"info","message":"Patient not exist","timestamp":"2024-04-15T10:13:14.317Z"}
{"level":"info","message":"Patient not exist","timestamp":"2024-04-15T10:14:39.754Z"}
{"level":"info","message":"Patient not exist","timestamp":"2024-04-15T10:14:39.788Z"}
{"level":"info","message":"Patient not exist","timestamp":"2024-04-15T10:14:39.801Z"}
{"level":"info","message":"Patient not exist","timestamp":"2024-04-15T10:14:39.824Z"}
{"level":"info","message":"Patient not exist","timestamp":"2024-04-15T10:14:39.836Z"}
{"level":"info","message":"Patient not exist","timestamp":"2024-04-15T10:14:39.861Z"}
{"level":"info","message":"Patient not exist","timestamp":"2024-04-15T10:14:39.868Z"}
{"level":"info","message":"Patient not exist","timestamp":"2024-04-15T10:14:39.885Z"}
{"level":"info","message":"Patient not exist","timestamp":"2024-04-15T10:14:39.896Z"}
{"level":"info","message":"Patient not exist","timestamp":"2024-04-15T10:14:39.913Z"}
{"level":"info","message":"Patient not exist","timestamp":"2024-04-15T10:14:39.923Z"}
{"level":"info","message":"Patient not exist","timestamp":"2024-04-15T10:14:39.940Z"}
{"level":"info","message":"Patient not exist","timestamp":"2024-04-15T10:14:39.950Z"}
{"level":"info","message":"Patient not exist","timestamp":"2024-04-15T10:14:39.965Z"}
{"level":"info","message":"Patient not exist","timestamp":"2024-04-15T10:14:39.977Z"}
{"level":"info","message":"Patient not exist","timestamp":"2024-04-15T10:14:39.988Z"}
{"level":"info","message":"Patient not exist","timestamp":"2024-04-15T10:14:40.004Z"}
{"level":"info","message":"Patient not exist","timestamp":"2024-04-15T10:14:40.012Z"}
{"level":"info","message":"Patient not exist","timestamp":"2024-04-15T10:14:40.032Z"}
{"level":"info","message":"Patient not exist","timestamp":"2024-04-15T10:14:40.037Z"}
{"level":"info","message":"Patient not exist","timestamp":"2024-04-15T10:14:40.060Z"}
{"level":"info","message":"Patient not exist","timestamp":"2024-04-15T10:14:40.066Z"}
{"level":"info","message":"Patient not exist","timestamp":"2024-04-15T10:14:40.067Z"}
{"level":"info","message":"Patient not exist","timestamp":"2024-04-15T10:14:40.068Z"}
{"level":"info","message":"Patient not exist","timestamp":"2024-04-15T10:14:40.093Z"}
{"level":"info","message":"Patient not exist","timestamp":"2024-04-15T10:14:40.107Z"}
{"level":"info","message":"Patient not exist","timestamp":"2024-04-15T10:14:40.109Z"}
{"level":"info","message":"Patient not exist","timestamp":"2024-04-15T10:14:40.110Z"}
{"level":"info","message":"Patient not exist","timestamp":"2024-04-15T10:14:40.127Z"}
{"level":"info","message":"Patient not exist","timestamp":"2024-04-15T10:14:40.140Z"}
{"level":"info","message":"Patient not exist","timestamp":"2024-04-15T10:14:40.147Z"}
{"level":"info","message":"Patient not exist","timestamp":"2024-04-15T10:14:40.148Z"}
{"level":"info","message":"Patient not exist","timestamp":"2024-04-15T10:14:40.164Z"}
{"level":"info","message":"Patient not exist","timestamp":"2024-04-15T10:14:40.171Z"}
{"level":"info","message":"Patient not exist","timestamp":"2024-04-15T10:14:40.179Z"}
{"level":"info","message":"Patient not exist","timestamp":"2024-04-15T10:14:40.183Z"}
{"level":"info","message":"Patient not exist","timestamp":"2024-04-15T10:14:40.197Z"}
{"level":"info","message":"Patient not exist","timestamp":"2024-04-15T10:14:40.203Z"}
{"level":"info","message":"Patient not exist","timestamp":"2024-04-15T10:14:40.215Z"}
{"level":"info","message":"Patient not exist","timestamp":"2024-04-15T10:14:40.219Z"}
{"level":"info","message":"Patient not exist","timestamp":"2024-04-15T10:14:40.231Z"}
{"level":"info","message":"Patient not exist","timestamp":"2024-04-15T10:14:40.246Z"}
{"level":"info","message":"Patient not exist","timestamp":"2024-04-15T10:14:40.252Z"}
{"level":"info","message":"Patient not exist","timestamp":"2024-04-15T10:14:40.253Z"}
{"level":"info","message":"Patient not exist","timestamp":"2024-04-15T10:14:40.281Z"}
{"level":"info","message":"Patient not exist","timestamp":"2024-04-15T10:14:40.283Z"}
{"level":"info","message":"Patient not exist","timestamp":"2024-04-15T10:14:40.286Z"}
{"level":"info","message":"Patient not exist","timestamp":"2024-04-15T10:14:40.304Z"}
{"level":"info","message":"Patient not exist","timestamp":"2024-04-15T10:14:40.305Z"}
{"level":"info","message":"Patient not exist","timestamp":"2024-04-15T10:14:40.312Z"}
{"level":"info","message":"Patient not exist","timestamp":"2024-04-15T10:14:40.319Z"}
{"level":"info","message":"Patient not exist","timestamp":"2024-04-15T10:14:40.327Z"}
{"level":"info","message":"Patient not exist","timestamp":"2024-04-15T10:14:40.330Z"}
{"level":"info","message":"Patient not exist","timestamp":"2024-04-15T10:14:40.337Z"}
{"level":"info","message":"Patient not exist","timestamp":"2024-04-15T10:14:40.343Z"}
{"level":"info","message":"Patient not exist","timestamp":"2024-04-15T10:14:40.365Z"}
{"level":"info","message":"Patient not exist","timestamp":"2024-04-15T10:14:40.368Z"}
{"level":"info","message":"Patient not exist","timestamp":"2024-04-15T10:14:40.389Z"}
{"level":"info","message":"Patient not exist","timestamp":"2024-04-15T10:14:40.400Z"}
{"level":"info","message":"Patient not exist","timestamp":"2024-04-15T10:14:40.432Z"}
{"level":"info","message":"Patient not exist","timestamp":"2024-04-15T10:14:40.444Z"}
{"level":"info","message":"Patient not exist","timestamp":"2024-04-15T10:14:40.453Z"}
{"level":"info","message":"Patient not exist","timestamp":"2024-04-15T10:14:40.463Z"}
{"level":"info","message":"Patient not exist","timestamp":"2024-04-15T10:14:40.497Z"}
{"level":"info","message":"Patient not exist","timestamp":"2024-04-15T10:14:40.522Z"}
{"level":"info","message":"Patient not exist","timestamp":"2024-04-15T10:14:40.545Z"}
{"level":"info","message":"Patient not exist","timestamp":"2024-04-15T10:14:40.555Z"}
{"level":"info","message":"Patient not exist","timestamp":"2024-04-15T10:14:40.574Z"}
{"level":"info","message":"Patient not exist","timestamp":"2024-04-15T10:14:40.588Z"}
{"level":"info","message":"Patient not exist","timestamp":"2024-04-15T10:14:40.618Z"}
{"level":"info","message":"Patient not exist","timestamp":"2024-04-15T10:14:40.625Z"}
{"level":"info","message":"Patient not exist","timestamp":"2024-04-15T10:14:40.645Z"}
{"level":"info","message":"Patient not exist","timestamp":"2024-04-15T10:14:40.658Z"}
{"level":"info","message":"Patient not exist","timestamp":"2024-04-15T10:14:40.691Z"}
{"level":"info","message":"Patient not exist","timestamp":"2024-04-15T10:14:40.692Z"}
{"level":"info","message":"Patient not exist","timestamp":"2024-04-15T10:14:40.712Z"}
{"level":"info","message":"Patient not exist","timestamp":"2024-04-15T10:14:40.725Z"}
{"level":"info","message":"Patient not exist","timestamp":"2024-04-15T10:14:40.761Z"}
{"level":"info","message":"Patient not exist","timestamp":"2024-04-15T10:14:40.762Z"}
{"level":"info","message":"Patient not exist","timestamp":"2024-04-15T10:14:40.813Z"}
{"level":"info","message":"Patient not exist","timestamp":"2024-04-15T10:14:40.836Z"}
{"level":"info","message":"Patient not exist","timestamp":"2024-04-15T10:14:40.863Z"}
{"level":"info","message":"Patient not exist","timestamp":"2024-04-15T10:14:40.876Z"}
{"level":"info","message":"Patient not exist","timestamp":"2024-04-15T10:14:40.903Z"}
{"level":"info","message":"Patient not exist","timestamp":"2024-04-15T10:14:40.909Z"}
{"level":"info","message":"Patient not exist","timestamp":"2024-04-15T10:14:40.936Z"}
{"level":"info","message":"Patient not exist","timestamp":"2024-04-15T10:14:40.960Z"}
{"level":"info","message":"Patient not exist","timestamp":"2024-04-15T10:14:40.988Z"}
{"level":"info","message":"Patient not exist","timestamp":"2024-04-15T10:14:40.996Z"}
{"level":"info","message":"Patient not exist","timestamp":"2024-04-15T10:14:41.022Z"}
{"level":"info","message":"Patient not exist","timestamp":"2024-04-15T10:14:41.036Z"}
{"level":"info","message":"Patient not exist","timestamp":"2024-04-15T10:14:41.074Z"}
{"level":"info","message":"Patient not exist","timestamp":"2024-04-15T10:14:41.089Z"}
{"level":"info","message":"Patient not exist","timestamp":"2024-04-15T10:14:41.114Z"}
{"level":"info","message":"Patient not exist","timestamp":"2024-04-15T10:14:41.134Z"}
{"level":"info","message":"Patient not exist","timestamp":"2024-04-15T10:14:41.158Z"}
{"level":"info","message":"Patient not exist","timestamp":"2024-04-15T10:14:41.175Z"}
{"level":"info","message":"Patient not exist","timestamp":"2024-04-15T10:14:41.199Z"}
{"level":"info","message":"Patient not exist","timestamp":"2024-04-15T10:14:41.218Z"}
{"level":"info","message":"Patient not exist","timestamp":"2024-04-15T10:14:41.243Z"}
{"level":"info","message":"Patient not exist","timestamp":"2024-04-15T10:14:41.267Z"}
{"level":"info","message":"Patient not exist","timestamp":"2024-04-15T10:14:41.292Z"}
{"level":"info","message":"Patient not exist","timestamp":"2024-04-15T10:14:41.305Z"}
{"level":"info","message":"Patient not exist","timestamp":"2024-04-15T10:14:41.336Z"}
{"level":"info","message":"Patient not exist","timestamp":"2024-04-15T10:14:41.352Z"}
{"level":"info","message":"Patient not exist","timestamp":"2024-04-15T10:14:41.385Z"}
{"level":"info","message":"Patient not exist","timestamp":"2024-04-15T10:14:41.392Z"}
{"level":"info","message":"Patient not exist","timestamp":"2024-04-15T10:14:41.419Z"}
{"level":"info","message":"Patient not exist","timestamp":"2024-04-15T10:14:41.430Z"}
{"level":"info","message":"Patient not exist","timestamp":"2024-04-15T10:14:41.464Z"}
{"level":"info","message":"Patient not exist","timestamp":"2024-04-15T10:14:41.481Z"}
{"level":"info","message":"Patient not exist","timestamp":"2024-04-15T10:14:41.506Z"}
{"level":"info","message":"Patient not exist","timestamp":"2024-04-15T10:14:41.526Z"}
{"level":"info","message":"Patient not exist","timestamp":"2024-04-15T10:14:41.549Z"}
{"level":"info","message":"Patient not exist","timestamp":"2024-04-15T10:14:41.593Z"}
{"level":"info","message":"Patient not exist","timestamp":"2024-04-15T10:14:41.603Z"}
{"level":"info","message":"Patient not exist","timestamp":"2024-04-15T10:14:41.620Z"}
{"level":"info","message":"Patient not exist","timestamp":"2024-04-15T10:14:41.664Z"}
{"level":"info","message":"Patient not exist","timestamp":"2024-04-15T10:14:41.683Z"}
{"level":"info","message":"Patient not exist","timestamp":"2024-04-15T10:14:41.710Z"}
{"level":"info","message":"Patient not exist","timestamp":"2024-04-15T10:14:41.723Z"}
{"level":"info","message":"Patient not exist","timestamp":"2024-04-15T10:14:41.764Z"}
{"level":"info","message":"Patient not exist","timestamp":"2024-04-15T10:14:41.793Z"}
{"level":"info","message":"Patient not exist","timestamp":"2024-04-15T10:14:41.807Z"}
{"level":"info","message":"Patient not exist","timestamp":"2024-04-15T10:14:41.829Z"}
{"level":"info","message":"Patient not exist","timestamp":"2024-04-15T10:14:41.847Z"}
{"level":"info","message":"Patient not exist","timestamp":"2024-04-15T10:14:41.954Z"}
{"level":"info","message":"Patient not exist","timestamp":"2024-04-15T10:14:41.979Z"}
{"level":"info","message":"Patient not exist","timestamp":"2024-04-15T10:14:42.030Z"}
{"level":"info","message":"Patient not exist","timestamp":"2024-04-15T10:14:42.053Z"}
{"level":"info","message":"Patient not exist","timestamp":"2024-04-15T10:14:42.078Z"}
{"level":"info","message":"Patient not exist","timestamp":"2024-04-15T10:14:42.124Z"}
{"level":"info","message":"Patient not exist","timestamp":"2024-04-15T10:14:42.139Z"}
{"level":"info","message":"Patient not exist","timestamp":"2024-04-15T10:14:42.182Z"}
{"level":"info","message":"Patient not exist","timestamp":"2024-04-15T10:14:42.207Z"}
{"level":"info","message":"Patient not exist","timestamp":"2024-04-15T10:14:42.222Z"}
{"level":"info","message":"Patient not exist","timestamp":"2024-04-15T10:14:42.263Z"}
{"level":"info","message":"Patient not exist","timestamp":"2024-04-15T10:14:42.287Z"}
{"level":"info","message":"Patient not exist","timestamp":"2024-04-15T10:14:42.332Z"}
{"level":"info","message":"Patient not exist","timestamp":"2024-04-15T10:14:42.353Z"}
{"level":"info","message":"Patient not exist","timestamp":"2024-04-15T10:14:42.387Z"}
{"level":"info","message":"Patient not exist","timestamp":"2024-04-15T10:14:42.438Z"}
{"level":"info","message":"Patient not exist","timestamp":"2024-04-15T10:14:42.466Z"}
{"level":"info","message":"Patient not exist","timestamp":"2024-04-15T10:14:42.518Z"}
{"level":"info","message":"Patient not exist","timestamp":"2024-04-15T10:14:42.552Z"}
{"level":"info","message":"Patient not exist","timestamp":"2024-04-15T10:14:42.570Z"}
{"level":"info","message":"Patient not exist","timestamp":"2024-04-15T10:14:42.634Z"}
{"level":"info","message":"Patient not exist","timestamp":"2024-04-15T10:14:42.661Z"}
{"level":"info","message":"Patient not exist","timestamp":"2024-04-15T10:14:42.716Z"}
{"level":"info","message":"Patient not exist","timestamp":"2024-04-15T10:14:42.749Z"}
{"level":"info","message":"Patient not exist","timestamp":"2024-04-15T10:14:42.774Z"}
{"level":"info","message":"Patient not exist","timestamp":"2024-04-15T10:14:42.825Z"}
{"level":"info","message":"Patient not exist","timestamp":"2024-04-15T10:14:42.852Z"}
{"level":"info","message":"Patient not exist","timestamp":"2024-04-15T10:14:42.900Z"}
{"level":"info","message":"Patient not exist","timestamp":"2024-04-15T10:14:42.934Z"}
{"level":"info","message":"Patient not exist","timestamp":"2024-04-15T10:14:42.959Z"}
{"level":"info","message":"Patient not exist","timestamp":"2024-04-15T10:14:43.009Z"}
{"level":"info","message":"Patient not exist","timestamp":"2024-04-15T10:14:43.036Z"}
{"level":"info","message":"Patient not exist","timestamp":"2024-04-15T10:14:43.079Z"}
{"level":"info","message":"Patient not exist","timestamp":"2024-04-15T10:14:43.111Z"}
{"level":"info","message":"Patient not exist","timestamp":"2024-04-15T10:14:43.132Z"}
{"level":"info","message":"Patient not exist","timestamp":"2024-04-15T10:14:43.185Z"}
{"level":"info","message":"Patient not exist","timestamp":"2024-04-15T10:14:43.223Z"}
{"level":"info","message":"Patient not exist","timestamp":"2024-04-15T10:14:43.269Z"}
{"level":"info","message":"Patient not exist","timestamp":"2024-04-15T10:14:43.298Z"}
{"level":"info","message":"Patient not exist","timestamp":"2024-04-15T10:14:43.339Z"}
{"level":"info","message":"Patient not exist","timestamp":"2024-04-15T10:14:43.391Z"}
{"level":"info","message":"Patient not exist","timestamp":"2024-04-15T10:14:43.423Z"}
{"level":"info","message":"Patient not exist","timestamp":"2024-04-15T10:14:43.475Z"}
{"level":"info","message":"Patient not exist","timestamp":"2024-04-15T10:14:43.509Z"}
{"level":"info","message":"Patient not exist","timestamp":"2024-04-15T10:14:43.540Z"}
{"level":"info","message":"Patient not exist","timestamp":"2024-04-15T10:14:43.586Z"}
{"level":"info","message":"Patient not exist","timestamp":"2024-04-15T10:14:43.615Z"}
{"level":"info","message":"Patient not exist","timestamp":"2024-04-15T10:14:43.666Z"}
{"level":"info","message":"Patient not exist","timestamp":"2024-04-15T10:14:43.702Z"}
{"level":"info","message":"Patient not exist","timestamp":"2024-04-15T10:14:43.733Z"}
{"level":"info","message":"Patient not exist","timestamp":"2024-04-15T10:14:43.790Z"}
{"level":"info","message":"Patient not exist","timestamp":"2024-04-15T10:14:43.825Z"}
{"level":"info","message":"Patient not exist","timestamp":"2024-04-15T10:14:43.878Z"}
{"level":"info","message":"Patient not exist","timestamp":"2024-04-15T10:14:43.929Z"}
{"level":"info","message":"Patient not exist","timestamp":"2024-04-15T10:14:43.973Z"}
{"level":"info","message":"Patient not exist","timestamp":"2024-04-15T10:14:44.028Z"}
{"level":"info","message":"Patient not exist","timestamp":"2024-04-15T10:14:44.061Z"}
{"level":"info","message":"Patient not exist","timestamp":"2024-04-15T10:14:44.116Z"}
{"level":"info","message":"Patient not exist","timestamp":"2024-04-15T10:14:44.150Z"}
{"level":"info","message":"Patient not exist","timestamp":"2024-04-15T10:14:44.182Z"}
{"level":"info","message":"Patient not exist","timestamp":"2024-04-15T10:14:44.238Z"}
{"level":"info","message":"Patient not exist","timestamp":"2024-04-15T10:14:44.272Z"}
{"level":"info","message":"Patient not exist","timestamp":"2024-04-15T10:14:44.328Z"}
{"level":"info","message":"Patient not exist","timestamp":"2024-04-15T10:14:44.364Z"}
{"level":"info","message":"Patient not exist","timestamp":"2024-04-15T10:14:44.408Z"}
{"level":"info","message":"Patient not exist","timestamp":"2024-04-15T10:14:44.497Z"}
{"level":"info","message":"Patient not exist","timestamp":"2024-04-15T10:14:44.546Z"}
{"level":"info","message":"Patient not exist","timestamp":"2024-04-15T10:14:44.589Z"}
{"level":"info","message":"Patient not exist","timestamp":"2024-04-15T10:14:44.626Z"}
{"level":"info","message":"Patient not exist","timestamp":"2024-04-15T10:14:44.670Z"}
{"level":"info","message":"Patient not exist","timestamp":"2024-04-15T10:14:44.720Z"}
{"level":"info","message":"Patient not exist","timestamp":"2024-04-15T10:14:44.764Z"}
{"level":"info","message":"Patient not exist","timestamp":"2024-04-15T10:14:44.825Z"}
{"level":"info","message":"Patient not exist","timestamp":"2024-04-15T10:14:44.866Z"}
{"level":"info","message":"Patient not exist","timestamp":"2024-04-15T10:14:44.906Z"}
{"level":"info","message":"Patient not exist","timestamp":"2024-04-15T10:14:44.957Z"}
{"level":"info","message":"Patient not exist","timestamp":"2024-04-15T10:14:44.995Z"}
{"level":"info","message":"Patient not exist","timestamp":"2024-04-15T10:14:45.055Z"}
{"level":"info","message":"Patient not exist","timestamp":"2024-04-15T10:14:45.108Z"}
{"level":"info","message":"Patient not exist","timestamp":"2024-04-15T10:14:45.152Z"}
{"level":"info","message":"Patient not exist","timestamp":"2024-04-15T10:14:45.210Z"}
{"level":"info","message":"Patient not exist","timestamp":"2024-04-15T10:14:45.247Z"}
{"level":"info","message":"Patient not exist","timestamp":"2024-04-15T10:14:45.310Z"}
{"level":"info","message":"Patient not exist","timestamp":"2024-04-15T10:14:45.355Z"}
{"level":"info","message":"Patient not exist","timestamp":"2024-04-15T10:14:45.395Z"}
{"level":"info","message":"Patient not exist","timestamp":"2024-04-15T10:14:45.460Z"}
{"level":"info","message":"Patient not exist","timestamp":"2024-04-15T10:14:45.498Z"}
{"level":"info","message":"Patient not exist","timestamp":"2024-04-15T10:14:45.555Z"}
{"level":"info","message":"Patient not exist","timestamp":"2024-04-15T10:14:45.602Z"}
{"level":"info","message":"Patient not exist","timestamp":"2024-04-15T10:14:45.646Z"}
{"level":"info","message":"Patient not exist","timestamp":"2024-04-15T10:14:45.707Z"}
{"level":"info","message":"Patient not exist","timestamp":"2024-04-15T10:14:45.747Z"}
{"level":"info","message":"Patient not exist","timestamp":"2024-04-15T10:14:45.810Z"}
{"level":"info","message":"Patient not exist","timestamp":"2024-04-15T10:14:45.871Z"}
{"level":"info","message":"Patient not exist","timestamp":"2024-04-15T10:14:45.907Z"}
{"level":"info","message":"Patient not exist","timestamp":"2024-04-15T10:14:45.973Z"}
{"level":"info","message":"Patient not exist","timestamp":"2024-04-15T10:14:46.014Z"}
{"level":"info","message":"Patient not exist","timestamp":"2024-04-15T10:14:46.089Z"}
{"level":"info","message":"Patient not exist","timestamp":"2024-04-15T10:14:46.144Z"}
{"level":"info","message":"Patient not exist","timestamp":"2024-04-15T10:14:46.197Z"}
{"level":"info","message":"Patient not exist","timestamp":"2024-04-15T10:14:46.257Z"}
{"level":"info","message":"Patient not exist","timestamp":"2024-04-15T10:14:46.300Z"}
{"level":"info","message":"Patient not exist","timestamp":"2024-04-15T10:14:46.363Z"}
{"level":"info","message":"Patient not exist","timestamp":"2024-04-15T10:14:46.412Z"}
{"level":"info","message":"Patient not exist","timestamp":"2024-04-15T10:14:46.460Z"}
{"level":"info","message":"Patient not exist","timestamp":"2024-04-15T10:14:46.522Z"}
{"level":"info","message":"Patient not exist","timestamp":"2024-04-15T10:14:46.568Z"}
{"level":"info","message":"Patient not exist","timestamp":"2024-04-15T10:14:46.633Z"}
{"level":"info","message":"Patient not exist","timestamp":"2024-04-15T10:14:46.683Z"}
{"level":"info","message":"Patient not exist","timestamp":"2024-04-15T10:14:46.746Z"}
{"level":"info","message":"Patient not exist","timestamp":"2024-04-15T10:14:46.819Z"}
{"level":"info","message":"Patient not exist","timestamp":"2024-04-15T10:14:46.865Z"}
{"level":"info","message":"Patient not exist","timestamp":"2024-04-15T10:14:46.930Z"}
{"level":"info","message":"Patient not exist","timestamp":"2024-04-15T10:14:46.992Z"}
{"level":"info","message":"Patient not exist","timestamp":"2024-04-15T10:14:47.034Z"}
{"level":"info","message":"Patient not exist","timestamp":"2024-04-15T10:14:47.108Z"}
{"level":"info","message":"Patient not exist","timestamp":"2024-04-15T10:14:47.162Z"}
{"level":"info","message":"Patient not exist","timestamp":"2024-04-15T10:14:47.245Z"}
{"level":"info","message":"Patient not exist","timestamp":"2024-04-15T10:14:47.288Z"}
{"level":"info","message":"Patient not exist","timestamp":"2024-04-15T10:14:47.337Z"}
{"level":"info","message":"Patient not exist","timestamp":"2024-04-15T10:14:47.405Z"}
{"level":"info","message":"Patient not exist","timestamp":"2024-04-15T10:14:47.455Z"}
{"level":"info","message":"Patient not exist","timestamp":"2024-04-15T10:14:47.526Z"}
{"level":"info","message":"Patient not exist","timestamp":"2024-04-15T10:14:47.581Z"}
{"level":"info","message":"Patient not exist","timestamp":"2024-04-15T10:14:47.634Z"}
{"level":"info","message":"Patient not exist","timestamp":"2024-04-15T10:14:47.718Z"}
{"level":"info","message":"Patient not exist","timestamp":"2024-04-15T10:14:47.768Z"}
{"level":"info","message":"Patient not exist","timestamp":"2024-04-15T10:14:47.846Z"}
{"level":"info","message":"Patient not exist","timestamp":"2024-04-15T10:14:47.901Z"}
{"level":"info","message":"Patient not exist","timestamp":"2024-04-15T10:14:47.999Z"}
{"level":"info","message":"Patient not exist","timestamp":"2024-04-15T10:14:48.079Z"}
{"level":"info","message":"Patient not exist","timestamp":"2024-04-15T10:14:48.130Z"}
{"level":"info","message":"Patient not exist","timestamp":"2024-04-15T10:14:48.214Z"}
{"level":"info","message":"Patient not exist","timestamp":"2024-04-15T10:14:48.262Z"}
{"level":"info","message":"Patient not exist","timestamp":"2024-04-15T10:14:48.347Z"}
{"level":"info","message":"Patient not exist","timestamp":"2024-04-15T10:14:48.396Z"}
{"level":"info","message":"Patient not exist","timestamp":"2024-04-15T10:14:48.471Z"}
{"level":"info","message":"Patient not exist","timestamp":"2024-04-15T10:14:48.530Z"}
{"level":"info","message":"Patient not exist","timestamp":"2024-04-15T10:14:48.588Z"}
{"level":"info","message":"Patient not exist","timestamp":"2024-04-15T10:14:48.675Z"}
{"level":"info","message":"Patient not exist","timestamp":"2024-04-15T10:14:48.721Z"}
{"level":"info","message":"Patient not exist","timestamp":"2024-04-15T10:14:48.793Z"}
{"level":"info","message":"Patient not exist","timestamp":"2024-04-15T10:14:48.850Z"}
{"level":"info","message":"Patient not exist","timestamp":"2024-04-15T10:14:48.926Z"}
{"level":"info","message":"Patient not exist","timestamp":"2024-04-15T10:14:48.996Z"}
{"level":"info","message":"Patient not exist","timestamp":"2024-04-15T10:14:49.046Z"}
{"level":"info","message":"Patient not exist","timestamp":"2024-04-15T10:14:49.129Z"}
{"level":"info","message":"Patient not exist","timestamp":"2024-04-15T10:14:49.186Z"}
{"level":"info","message":"Patient not exist","timestamp":"2024-04-15T10:14:49.296Z"}
{"level":"info","message":"Patient not exist","timestamp":"2024-04-15T10:14:49.360Z"}
{"level":"info","message":"Patient not exist","timestamp":"2024-04-15T10:14:49.416Z"}
{"level":"info","message":"Patient not exist","timestamp":"2024-04-15T10:14:49.494Z"}
{"level":"info","message":"Patient not exist","timestamp":"2024-04-15T10:14:49.546Z"}
{"level":"info","message":"Patient not exist","timestamp":"2024-04-15T10:14:49.620Z"}
{"level":"info","message":"Patient not exist","timestamp":"2024-04-15T10:14:49.691Z"}
{"level":"info","message":"Patient not exist","timestamp":"2024-04-15T10:14:49.737Z"}
{"level":"info","message":"Patient not exist","timestamp":"2024-04-15T10:14:49.821Z"}
{"level":"info","message":"Patient not exist","timestamp":"2024-04-15T10:14:49.881Z"}
{"level":"info","message":"Patient not exist","timestamp":"2024-04-15T10:14:49.957Z"}
{"level":"info","message":"Patient not exist","timestamp":"2024-04-15T10:14:50.018Z"}
{"level":"info","message":"Patient not exist","timestamp":"2024-04-15T10:14:50.078Z"}
{"level":"info","message":"Patient not exist","timestamp":"2024-04-15T10:14:50.162Z"}
{"level":"info","message":"Patient not exist","timestamp":"2024-04-15T10:14:50.224Z"}
{"level":"info","message":"Patient not exist","timestamp":"2024-04-15T10:14:50.306Z"}
{"level":"info","message":"Patient not exist","timestamp":"2024-04-15T10:14:50.372Z"}
{"level":"info","message":"Patient not exist","timestamp":"2024-04-15T10:14:50.430Z"}
{"level":"info","message":"Patient not exist","timestamp":"2024-04-15T10:14:50.527Z"}
{"level":"info","message":"Patient not exist","timestamp":"2024-04-15T10:14:50.584Z"}
{"level":"info","message":"Patient not exist","timestamp":"2024-04-15T10:14:50.667Z"}
{"level":"info","message":"Patient not exist","timestamp":"2024-04-15T10:14:50.730Z"}
{"level":"info","message":"Patient not exist","timestamp":"2024-04-15T10:14:50.812Z"}
{"level":"info","message":"Patient not exist","timestamp":"2024-04-15T10:14:50.878Z"}
{"level":"info","message":"Patient not exist","timestamp":"2024-04-15T10:14:50.936Z"}
{"level":"info","message":"Patient not exist","timestamp":"2024-04-15T10:14:51.007Z"}
{"level":"info","message":"Patient not exist","timestamp":"2024-04-15T10:14:51.066Z"}
{"level":"info","message":"Patient not exist","timestamp":"2024-04-15T10:14:51.145Z"}
{"level":"info","message":"Patient not exist","timestamp":"2024-04-15T10:14:51.204Z"}
{"level":"info","message":"Patient not exist","timestamp":"2024-04-15T10:14:51.277Z"}
{"level":"info","message":"Patient not exist","timestamp":"2024-04-15T10:14:51.359Z"}
{"level":"info","message":"Patient not exist","timestamp":"2024-04-15T10:14:51.422Z"}
{"level":"info","message":"Patient not exist","timestamp":"2024-04-15T10:14:51.495Z"}
{"level":"info","message":"Patient not exist","timestamp":"2024-04-15T10:14:51.564Z"}
{"level":"info","message":"Patient not exist","timestamp":"2024-04-15T10:14:51.627Z"}
{"level":"info","message":"Patient not exist","timestamp":"2024-04-15T10:14:51.726Z"}
{"level":"info","message":"Patient not exist","timestamp":"2024-04-15T10:14:51.794Z"}
{"level":"info","message":"Patient not exist","timestamp":"2024-04-15T10:14:51.875Z"}
{"level":"info","message":"Patient not exist","timestamp":"2024-04-15T10:14:51.946Z"}
{"level":"info","message":"Patient not exist","timestamp":"2024-04-15T10:14:52.012Z"}
{"level":"info","message":"Patient not exist","timestamp":"2024-04-15T10:14:52.112Z"}
{"level":"info","message":"Patient not exist","timestamp":"2024-04-15T10:14:52.178Z"}
{"level":"info","message":"Patient not exist","timestamp":"2024-04-15T10:14:52.284Z"}
{"level":"info","message":"Patient not exist","timestamp":"2024-04-15T10:14:52.358Z"}
{"level":"info","message":"Patient not exist","timestamp":"2024-04-15T10:14:52.426Z"}
{"level":"info","message":"Patient not exist","timestamp":"2024-04-15T10:14:52.536Z"}
{"level":"info","message":"Patient not exist","timestamp":"2024-04-15T10:14:52.610Z"}
{"level":"info","message":"Patient not exist","timestamp":"2024-04-15T10:14:52.720Z"}
{"level":"info","message":"Patient not exist","timestamp":"2024-04-15T10:14:52.808Z"}
{"level":"info","message":"Patient not exist","timestamp":"2024-04-15T10:14:52.906Z"}
{"level":"info","message":"Patient not exist","timestamp":"2024-04-15T10:14:52.987Z"}
{"level":"info","message":"Patient not exist","timestamp":"2024-04-15T10:14:53.053Z"}
{"level":"info","message":"Patient not exist","timestamp":"2024-04-15T10:14:53.165Z"}
{"level":"info","message":"Patient not exist","timestamp":"2024-04-15T10:14:53.246Z"}
{"level":"info","message":"Patient not exist","timestamp":"2024-04-15T10:14:53.354Z"}
{"level":"info","message":"Patient not exist","timestamp":"2024-04-15T10:14:53.424Z"}
{"level":"info","message":"Patient not exist","timestamp":"2024-04-15T10:14:53.527Z"}
{"level":"info","message":"Patient not exist","timestamp":"2024-04-15T10:14:53.626Z"}
{"level":"info","message":"Patient not exist","timestamp":"2024-04-15T10:14:53.716Z"}
{"level":"info","message":"Patient not exist","timestamp":"2024-04-15T10:14:53.821Z"}
{"level":"info","message":"Patient not exist","timestamp":"2024-04-15T10:14:53.895Z"}
{"level":"info","message":"Patient not exist","timestamp":"2024-04-15T10:14:53.980Z"}
{"level":"info","message":"Patient not exist","timestamp":"2024-04-15T10:14:54.065Z"}
{"level":"info","message":"Patient not exist","timestamp":"2024-04-15T10:14:54.152Z"}
{"level":"info","message":"Patient not exist","timestamp":"2024-04-15T10:14:54.228Z"}
{"level":"info","message":"Patient not exist","timestamp":"2024-04-15T10:14:54.305Z"}
{"level":"info","message":"Patient not exist","timestamp":"2024-04-15T10:14:54.379Z"}
{"level":"info","message":"Patient not exist","timestamp":"2024-04-15T10:14:54.455Z"}
{"level":"info","message":"Patient not exist","timestamp":"2024-04-15T10:14:54.536Z"}
{"level":"info","message":"Patient not exist","timestamp":"2024-04-15T10:14:54.629Z"}
{"level":"info","message":"Patient not exist","timestamp":"2024-04-15T10:14:54.712Z"}
{"level":"info","message":"Patient not exist","timestamp":"2024-04-15T10:14:54.808Z"}
{"level":"info","message":"Patient not exist","timestamp":"2024-04-15T10:14:54.885Z"}
{"level":"info","message":"Patient not exist","timestamp":"2024-04-15T10:14:54.992Z"}
{"level":"info","message":"Patient not exist","timestamp":"2024-04-15T10:14:55.070Z"}
{"level":"info","message":"Patient not exist","timestamp":"2024-04-15T10:14:55.151Z"}
{"level":"info","message":"Patient not exist","timestamp":"2024-04-15T10:14:55.229Z"}
{"level":"info","message":"Patient not exist","timestamp":"2024-04-15T10:14:55.304Z"}
{"level":"info","message":"Patient not exist","timestamp":"2024-04-15T10:14:55.383Z"}
{"level":"info","message":"Patient not exist","timestamp":"2024-04-15T10:14:55.467Z"}
{"level":"info","message":"Patient not exist","timestamp":"2024-04-15T10:14:55.550Z"}
{"level":"info","message":"Patient not exist","timestamp":"2024-04-15T10:14:55.648Z"}
{"level":"info","message":"Patient not exist","timestamp":"2024-04-15T10:14:55.735Z"}
{"level":"info","message":"Patient not exist","timestamp":"2024-04-15T10:14:55.833Z"}
{"level":"info","message":"Patient not exist","timestamp":"2024-04-15T10:14:55.988Z"}
{"level":"info","message":"Patient not exist","timestamp":"2024-04-15T10:14:56.289Z"}
{"level":"info","message":"Patient not exist","timestamp":"2024-04-15T10:14:56.382Z"}
{"level":"info","message":"Patient not exist","timestamp":"2024-04-15T10:14:56.489Z"}
{"level":"info","message":"Patient not exist","timestamp":"2024-04-15T10:14:56.569Z"}
{"level":"info","message":"Patient not exist","timestamp":"2024-04-15T10:14:56.678Z"}
{"level":"info","message":"Patient not exist","timestamp":"2024-04-15T10:14:56.779Z"}
{"level":"info","message":"Patient not exist","timestamp":"2024-04-15T10:14:56.891Z"}
{"level":"info","message":"Patient not exist","timestamp":"2024-04-15T10:14:56.991Z"}
{"level":"info","message":"Patient not exist","timestamp":"2024-04-15T10:14:57.101Z"}
{"level":"info","message":"Patient not exist","timestamp":"2024-04-15T10:14:57.192Z"}
{"level":"info","message":"Patient not exist","timestamp":"2024-04-15T10:14:57.300Z"}
{"level":"info","message":"Patient not exist","timestamp":"2024-04-15T10:14:57.380Z"}
{"level":"info","message":"Patient not exist","timestamp":"2024-04-15T10:14:57.513Z"}
{"level":"info","message":"Patient not exist","timestamp":"2024-04-15T10:14:57.588Z"}
{"level":"info","message":"Patient not exist","timestamp":"2024-04-15T10:14:57.718Z"}
{"level":"info","message":"Patient not exist","timestamp":"2024-04-15T10:14:57.814Z"}
{"level":"info","message":"Patient not exist","timestamp":"2024-04-15T10:14:57.935Z"}
{"level":"info","message":"Patient not exist","timestamp":"2024-04-15T10:14:58.029Z"}
{"level":"info","message":"Patient not exist","timestamp":"2024-04-15T10:14:58.154Z"}
{"level":"info","message":"Patient not exist","timestamp":"2024-04-15T10:14:58.250Z"}
{"level":"info","message":"Patient not exist","timestamp":"2024-04-15T10:14:58.356Z"}
{"level":"info","message":"Patient not exist","timestamp":"2024-04-15T10:14:58.436Z"}
{"level":"info","message":"Patient not exist","timestamp":"2024-04-15T10:14:58.570Z"}
{"level":"info","message":"Patient not exist","timestamp":"2024-04-15T10:14:58.661Z"}
{"level":"info","message":"Patient not exist","timestamp":"2024-04-15T10:14:58.773Z"}
{"level":"info","message":"Patient not exist","timestamp":"2024-04-15T10:14:58.857Z"}
{"level":"info","message":"Patient not exist","timestamp":"2024-04-15T10:14:58.981Z"}
{"level":"info","message":"Patient not exist","timestamp":"2024-04-15T10:14:59.069Z"}
{"level":"info","message":"Patient not exist","timestamp":"2024-04-15T10:14:59.180Z"}
{"level":"info","message":"Patient not exist","timestamp":"2024-04-15T10:14:59.266Z"}
{"level":"info","message":"Patient not exist","timestamp":"2024-04-15T10:14:59.405Z"}
{"level":"info","message":"Patient not exist","timestamp":"2024-04-15T10:14:59.487Z"}
{"level":"info","message":"Patient not exist","timestamp":"2024-04-15T10:14:59.636Z"}
{"level":"info","message":"Patient not exist","timestamp":"2024-04-15T10:14:59.723Z"}
{"level":"info","message":"Patient not exist","timestamp":"2024-04-15T10:14:59.841Z"}
{"level":"info","message":"Patient not exist","timestamp":"2024-04-15T10:14:59.940Z"}
{"level":"info","message":"Patient not exist","timestamp":"2024-04-15T10:15:00.040Z"}
{"level":"info","message":"Patient not exist","timestamp":"2024-04-15T10:15:00.140Z"}
{"level":"info","message":"Patient not exist","timestamp":"2024-04-15T10:15:00.264Z"}
{"level":"info","message":"Patient not exist","timestamp":"2024-04-15T10:15:00.377Z"}
{"level":"info","message":"Patient not exist","timestamp":"2024-04-15T10:15:00.486Z"}
{"level":"info","message":"Patient not exist","timestamp":"2024-04-15T10:15:00.582Z"}
{"level":"info","message":"Patient not exist","timestamp":"2024-04-15T10:15:00.693Z"}
{"level":"info","message":"Patient not exist","timestamp":"2024-04-15T10:15:00.772Z"}
{"level":"info","message":"Patient not exist","timestamp":"2024-04-15T10:15:00.877Z"}
{"level":"info","message":"Patient not exist","timestamp":"2024-04-15T10:15:00.968Z"}
{"level":"info","message":"Patient not exist","timestamp":"2024-04-15T10:15:01.074Z"}
{"level":"info","message":"Patient not exist","timestamp":"2024-04-15T10:15:01.169Z"}
{"level":"info","message":"Patient not exist","timestamp":"2024-04-15T10:15:01.276Z"}
{"level":"info","message":"Patient not exist","timestamp":"2024-04-15T10:15:01.355Z"}
{"level":"info","message":"Patient not exist","timestamp":"2024-04-15T10:15:01.457Z"}
{"level":"info","message":"Patient not exist","timestamp":"2024-04-15T10:15:01.532Z"}
{"level":"info","message":"Patient not exist","timestamp":"2024-04-15T10:15:01.651Z"}
{"level":"info","message":"Patient not exist","timestamp":"2024-04-15T10:15:01.743Z"}
{"level":"info","message":"Patient not exist","timestamp":"2024-04-15T10:15:01.856Z"}
{"level":"info","message":"Patient not exist","timestamp":"2024-04-15T10:15:01.941Z"}
{"level":"info","message":"Patient not exist","timestamp":"2024-04-15T10:15:02.064Z"}
{"level":"info","message":"Patient not exist","timestamp":"2024-04-15T10:15:02.168Z"}
{"level":"info","message":"Patient not exist","timestamp":"2024-04-15T10:15:02.291Z"}
{"level":"info","message":"Patient not exist","timestamp":"2024-04-15T10:15:02.377Z"}
{"level":"info","message":"Patient not exist","timestamp":"2024-04-15T10:15:02.499Z"}
{"level":"info","message":"Patient not exist","timestamp":"2024-04-15T10:15:02.584Z"}
{"level":"info","message":"Patient not exist","timestamp":"2024-04-15T10:15:02.690Z"}
{"level":"info","message":"Patient not exist","timestamp":"2024-04-15T10:15:02.786Z"}
{"level":"info","message":"Patient not exist","timestamp":"2024-04-15T10:15:02.913Z"}
{"level":"info","message":"Patient not exist","timestamp":"2024-04-15T10:15:03.025Z"}
{"level":"info","message":"Patient not exist","timestamp":"2024-04-15T10:15:03.157Z"}
{"level":"info","message":"Patient not exist","timestamp":"2024-04-15T10:15:03.243Z"}
{"level":"info","message":"Patient not exist","timestamp":"2024-04-15T10:15:03.372Z"}
{"level":"info","message":"Patient not exist","timestamp":"2024-04-15T10:15:03.458Z"}
{"level":"info","message":"Patient not exist","timestamp":"2024-04-15T10:15:03.582Z"}
{"level":"info","message":"Patient not exist","timestamp":"2024-04-15T10:15:03.669Z"}
{"level":"info","message":"Patient not exist","timestamp":"2024-04-15T10:15:03.797Z"}
{"level":"info","message":"Patient not exist","timestamp":"2024-04-15T10:15:03.887Z"}
{"level":"info","message":"Patient not exist","timestamp":"2024-04-15T10:15:04.041Z"}
{"level":"info","message":"Patient not exist","timestamp":"2024-04-15T10:15:04.171Z"}
{"level":"info","message":"Patient not exist","timestamp":"2024-04-15T10:15:04.302Z"}
{"level":"info","message":"Patient not exist","timestamp":"2024-04-15T10:15:04.431Z"}
{"level":"info","message":"Patient not exist","timestamp":"2024-04-15T10:15:04.535Z"}
{"level":"info","message":"Patient not exist","timestamp":"2024-04-15T10:15:04.645Z"}
{"level":"info","message":"Patient not exist","timestamp":"2024-04-15T10:15:04.748Z"}
{"level":"info","message":"Patient not exist","timestamp":"2024-04-15T10:15:04.859Z"}
{"level":"info","message":"Patient not exist","timestamp":"2024-04-15T10:15:04.963Z"}
{"level":"info","message":"Patient not exist","timestamp":"2024-04-15T10:15:05.047Z"}
{"level":"info","message":"Patient not exist","timestamp":"2024-04-15T10:15:05.165Z"}
{"level":"info","message":"Patient not exist","timestamp":"2024-04-15T10:15:05.259Z"}
{"level":"info","message":"Patient not exist","timestamp":"2024-04-15T10:15:05.375Z"}
{"level":"info","message":"Patient not exist","timestamp":"2024-04-15T10:15:05.466Z"}
{"level":"info","message":"Patient not exist","timestamp":"2024-04-15T10:15:05.587Z"}
{"level":"info","message":"Patient not exist","timestamp":"2024-04-15T10:15:05.727Z"}
{"level":"info","message":"Patient not exist","timestamp":"2024-04-15T10:15:05.818Z"}
{"level":"info","message":"Patient not exist","timestamp":"2024-04-15T10:15:05.930Z"}
{"level":"info","message":"Patient not exist","timestamp":"2024-04-15T10:15:06.043Z"}
{"level":"info","message":"Patient not exist","timestamp":"2024-04-15T10:15:06.165Z"}
{"level":"info","message":"Patient not exist","timestamp":"2024-04-15T10:15:06.278Z"}
{"level":"info","message":"Patient not exist","timestamp":"2024-04-15T10:15:06.382Z"}
{"level":"info","message":"Patient not exist","timestamp":"2024-04-15T10:15:06.506Z"}
{"level":"info","message":"Patient not exist","timestamp":"2024-04-15T10:15:06.614Z"}
{"level":"info","message":"Patient not exist","timestamp":"2024-04-15T10:15:06.748Z"}
{"level":"info","message":"Patient not exist","timestamp":"2024-04-15T10:15:06.849Z"}
{"level":"info","message":"Patient not exist","timestamp":"2024-04-15T10:15:06.982Z"}
{"level":"info","message":"Patient not exist","timestamp":"2024-04-15T10:15:07.082Z"}
{"level":"info","message":"Patient not exist","timestamp":"2024-04-15T10:15:07.192Z"}
{"level":"info","message":"Patient not exist","timestamp":"2024-04-15T10:15:07.317Z"}
{"level":"info","message":"Patient not exist","timestamp":"2024-04-15T10:15:07.412Z"}
{"level":"info","message":"Patient not exist","timestamp":"2024-04-15T10:15:07.520Z"}
{"level":"info","message":"Patient not exist","timestamp":"2024-04-15T10:15:07.621Z"}
{"level":"info","message":"Patient not exist","timestamp":"2024-04-15T10:15:07.729Z"}
{"level":"info","message":"Patient not exist","timestamp":"2024-04-15T10:15:07.852Z"}
{"level":"info","message":"Patient not exist","timestamp":"2024-04-15T10:15:07.954Z"}
{"level":"info","message":"Patient not exist","timestamp":"2024-04-15T10:15:08.071Z"}
{"level":"info","message":"Patient not exist","timestamp":"2024-04-15T10:15:08.187Z"}
{"level":"info","message":"Patient not exist","timestamp":"2024-04-15T10:15:08.299Z"}
{"level":"info","message":"Patient not exist","timestamp":"2024-04-15T10:15:08.423Z"}
{"level":"info","message":"Patient not exist","timestamp":"2024-04-15T10:15:08.538Z"}
{"level":"info","message":"Patient not exist","timestamp":"2024-04-15T10:15:08.670Z"}
{"level":"info","message":"Patient not exist","timestamp":"2024-04-15T10:15:08.803Z"}
{"level":"info","message":"Patient not exist","timestamp":"2024-04-15T10:15:08.912Z"}
{"level":"info","message":"Patient not exist","timestamp":"2024-04-15T10:15:09.048Z"}
{"level":"info","message":"Patient not exist","timestamp":"2024-04-15T10:15:09.154Z"}
{"level":"info","message":"Patient not exist","timestamp":"2024-04-15T10:15:09.273Z"}
{"level":"info","message":"Patient not exist","timestamp":"2024-04-15T10:15:09.391Z"}
{"level":"info","message":"Patient not exist","timestamp":"2024-04-15T10:15:09.501Z"}
{"level":"info","message":"Patient not exist","timestamp":"2024-04-15T10:15:09.614Z"}
{"level":"info","message":"Patient not exist","timestamp":"2024-04-15T10:15:09.715Z"}
{"level":"info","message":"Patient not exist","timestamp":"2024-04-15T10:15:09.827Z"}
{"level":"info","message":"Patient not exist","timestamp":"2024-04-15T10:15:09.950Z"}
{"level":"info","message":"Patient not exist","timestamp":"2024-04-15T10:15:10.068Z"}
{"level":"info","message":"Patient not exist","timestamp":"2024-04-15T10:15:10.204Z"}
{"level":"info","message":"Patient not exist","timestamp":"2024-04-15T10:15:10.329Z"}
{"level":"info","message":"Patient not exist","timestamp":"2024-04-15T10:15:10.431Z"}
{"level":"info","message":"Patient not exist","timestamp":"2024-04-15T10:15:10.549Z"}
{"level":"info","message":"Patient not exist","timestamp":"2024-04-15T10:15:10.679Z"}
{"level":"info","message":"Patient not exist","timestamp":"2024-04-15T10:15:10.792Z"}
{"level":"info","message":"Patient not exist","timestamp":"2024-04-15T10:15:10.914Z"}
{"level":"info","message":"Patient not exist","timestamp":"2024-04-15T10:15:11.009Z"}
{"level":"info","message":"Patient not exist","timestamp":"2024-04-15T10:15:11.136Z"}
{"level":"info","message":"Patient not exist","timestamp":"2024-04-15T10:15:11.247Z"}
{"level":"info","message":"Patient not exist","timestamp":"2024-04-15T10:15:11.360Z"}
{"level":"info","message":"Patient not exist","timestamp":"2024-04-15T10:15:11.485Z"}
{"level":"info","message":"Patient not exist","timestamp":"2024-04-15T10:15:11.614Z"}
{"level":"info","message":"Patient not exist","timestamp":"2024-04-15T10:15:11.710Z"}
{"level":"info","message":"Patient not exist","timestamp":"2024-04-15T10:15:11.827Z"}
{"level":"info","message":"Patient not exist","timestamp":"2024-04-15T10:15:11.921Z"}
{"level":"info","message":"Patient not exist","timestamp":"2024-04-15T10:15:12.046Z"}
{"level":"info","message":"Patient not exist","timestamp":"2024-04-15T10:15:12.168Z"}
{"level":"info","message":"Patient not exist","timestamp":"2024-04-15T10:15:12.271Z"}
{"level":"info","message":"Patient not exist","timestamp":"2024-04-15T10:15:12.382Z"}
{"level":"info","message":"Patient not exist","timestamp":"2024-04-15T10:15:12.526Z"}
{"level":"info","message":"Patient not exist","timestamp":"2024-04-15T10:15:12.612Z"}
{"level":"info","message":"Patient not exist","timestamp":"2024-04-15T10:15:12.735Z"}
{"level":"info","message":"Patient not exist","timestamp":"2024-04-15T10:15:12.866Z"}
{"level":"info","message":"Patient not exist","timestamp":"2024-04-15T10:15:12.979Z"}
{"level":"info","message":"Patient not exist","timestamp":"2024-04-15T10:15:13.099Z"}
{"level":"info","message":"Patient not exist","timestamp":"2024-04-15T10:15:13.251Z"}
{"level":"info","message":"Patient not exist","timestamp":"2024-04-15T10:15:13.362Z"}
{"level":"info","message":"Patient not exist","timestamp":"2024-04-15T10:15:13.499Z"}
{"level":"info","message":"Patient not exist","timestamp":"2024-04-15T10:15:13.623Z"}
{"level":"info","message":"Patient not exist","timestamp":"2024-04-15T10:15:13.756Z"}
{"level":"info","message":"Patient not exist","timestamp":"2024-04-15T10:15:13.883Z"}
{"level":"info","message":"Patient not exist","timestamp":"2024-04-15T10:15:14.008Z"}
{"level":"info","message":"Patient not exist","timestamp":"2024-04-15T10:15:14.111Z"}
{"level":"info","message":"Patient not exist","timestamp":"2024-04-15T10:15:14.242Z"}
{"level":"info","message":"Patient not exist","timestamp":"2024-04-15T10:15:14.386Z"}
{"level":"info","message":"Patient not exist","timestamp":"2024-04-15T10:15:14.508Z"}
{"level":"info","message":"Patient not exist","timestamp":"2024-04-15T10:15:14.640Z"}
{"level":"info","message":"Patient not exist","timestamp":"2024-04-15T10:15:14.779Z"}
{"level":"info","message":"Patient not exist","timestamp":"2024-04-15T10:15:14.884Z"}
{"level":"info","message":"Patient not exist","timestamp":"2024-04-15T10:15:15.021Z"}
{"level":"info","message":"Patient not exist","timestamp":"2024-04-15T10:15:15.169Z"}
{"level":"info","message":"Patient not exist","timestamp":"2024-04-15T10:15:15.281Z"}
{"level":"info","message":"Patient not exist","timestamp":"2024-04-15T10:15:15.451Z"}
{"level":"info","message":"Patient not exist","timestamp":"2024-04-15T10:15:15.592Z"}
{"level":"info","message":"Patient not exist","timestamp":"2024-04-15T10:15:17.529Z"}
{"level":"info","message":"Patient not exist","timestamp":"2024-04-15T10:15:17.557Z"}
{"level":"info","message":"Patient not exist","timestamp":"2024-04-15T10:15:17.590Z"}
{"level":"info","message":"Patient not exist","timestamp":"2024-04-15T10:15:17.616Z"}
{"level":"info","message":"Patient not exist","timestamp":"2024-04-15T10:15:17.720Z"}
{"level":"info","message":"Patient not exist","timestamp":"2024-04-15T10:15:17.752Z"}
{"level":"info","message":"Patient not exist","timestamp":"2024-04-15T10:15:17.758Z"}
{"level":"info","message":"Patient not exist","timestamp":"2024-04-15T10:15:17.795Z"}
{"level":"info","message":"Patient not exist","timestamp":"2024-04-15T10:15:17.901Z"}
{"level":"info","message":"Patient not exist","timestamp":"2024-04-15T10:15:18.091Z"}
{"level":"info","message":"Patient not exist","timestamp":"2024-04-15T10:15:18.240Z"}
{"level":"info","message":"Patient not exist","timestamp":"2024-04-15T10:15:18.341Z"}
{"level":"info","message":"Patient not exist","timestamp":"2024-04-15T10:15:18.547Z"}
{"level":"info","message":"Patient not exist","timestamp":"2024-04-15T10:15:18.659Z"}
{"level":"info","message":"Patient not exist","timestamp":"2024-04-15T10:15:18.796Z"}
{"level":"info","message":"Patient not exist","timestamp":"2024-04-15T10:15:18.911Z"}
{"level":"info","message":"Patient not exist","timestamp":"2024-04-15T10:15:19.034Z"}
{"level":"info","message":"Patient not exist","timestamp":"2024-04-15T10:15:20.057Z"}
{"level":"info","message":"Patient not exist","timestamp":"2024-04-15T10:15:20.156Z"}
{"level":"info","message":"Patient not exist","timestamp":"2024-04-15T10:15:20.294Z"}
{"level":"info","message":"Patient not exist","timestamp":"2024-04-15T10:15:20.473Z"}
{"level":"info","message":"Patient not exist","timestamp":"2024-04-15T10:15:20.598Z"}
{"level":"info","message":"Patient not exist","timestamp":"2024-04-15T10:15:20.790Z"}
{"level":"info","message":"Patient not exist","timestamp":"2024-04-15T10:15:20.935Z"}
{"level":"info","message":"Patient not exist","timestamp":"2024-04-15T10:15:21.100Z"}
{"level":"info","message":"Patient not exist","timestamp":"2024-04-15T10:15:21.224Z"}
{"level":"info","message":"Patient not exist","timestamp":"2024-04-15T10:15:21.348Z"}
{"level":"info","message":"Patient not exist","timestamp":"2024-04-15T10:15:21.507Z"}
{"level":"info","message":"Patient not exist","timestamp":"2024-04-15T10:15:21.627Z"}
{"level":"info","message":"Patient not exist","timestamp":"2024-04-15T10:15:21.784Z"}
{"level":"info","message":"Patient not exist","timestamp":"2024-04-15T10:15:21.904Z"}
{"level":"info","message":"Patient not exist","timestamp":"2024-04-15T10:15:22.104Z"}
{"level":"info","message":"Patient not exist","timestamp":"2024-04-15T10:15:22.225Z"}
{"level":"info","message":"Patient not exist","timestamp":"2024-04-15T10:15:22.360Z"}
{"level":"info","message":"Patient not exist","timestamp":"2024-04-15T10:15:22.505Z"}
{"level":"info","message":"Patient not exist","timestamp":"2024-04-15T10:15:22.634Z"}
{"level":"info","message":"Patient not exist","timestamp":"2024-04-15T10:15:22.802Z"}
{"level":"info","message":"Patient not exist","timestamp":"2024-04-15T10:15:22.927Z"}
{"level":"info","message":"Patient not exist","timestamp":"2024-04-15T10:15:23.093Z"}
{"level":"info","message":"Patient not exist","timestamp":"2024-04-15T10:15:23.239Z"}
{"level":"info","message":"Patient not exist","timestamp":"2024-04-15T10:15:23.440Z"}
{"level":"info","message":"Patient not exist","timestamp":"2024-04-15T10:15:23.589Z"}
{"level":"info","message":"Patient not exist","timestamp":"2024-04-15T10:15:23.748Z"}
{"level":"info","message":"Patient not exist","timestamp":"2024-04-15T10:15:24.214Z"}
{"level":"info","message":"Patient not exist","timestamp":"2024-04-15T10:15:24.343Z"}
{"level":"info","message":"Patient not exist","timestamp":"2024-04-15T10:15:24.474Z"}
{"level":"info","message":"Patient not exist","timestamp":"2024-04-15T10:15:24.610Z"}
{"level":"info","message":"Patient not exist","timestamp":"2024-04-15T10:15:24.728Z"}
{"level":"info","message":"Patient not exist","timestamp":"2024-04-15T10:15:25.214Z"}
{"level":"info","message":"Patient not exist","timestamp":"2024-04-15T10:15:25.347Z"}
{"level":"info","message":"Patient not exist","timestamp":"2024-04-15T10:15:25.482Z"}
{"level":"info","message":"Patient not exist","timestamp":"2024-04-15T10:15:25.630Z"}
{"level":"info","message":"Patient not exist","timestamp":"2024-04-15T10:15:25.766Z"}
{"level":"info","message":"Patient not exist","timestamp":"2024-04-15T10:15:26.189Z"}
{"level":"info","message":"Patient not exist","timestamp":"2024-04-15T10:15:26.316Z"}
{"level":"info","message":"Patient not exist","timestamp":"2024-04-15T10:15:26.455Z"}
{"level":"info","message":"Patient not exist","timestamp":"2024-04-15T10:15:26.588Z"}
{"level":"info","message":"Patient not exist","timestamp":"2024-04-15T10:15:26.729Z"}
{"level":"info","message":"Patient not exist","timestamp":"2024-04-15T10:15:26.880Z"}
{"level":"info","message":"Patient not exist","timestamp":"2024-04-15T10:15:27.029Z"}
{"level":"info","message":"Patient not exist","timestamp":"2024-04-15T10:15:27.209Z"}
{"level":"info","message":"Patient not exist","timestamp":"2024-04-15T10:15:27.343Z"}
{"level":"info","message":"Patient not exist","timestamp":"2024-04-15T10:15:27.464Z"}
{"level":"info","message":"Patient not exist","timestamp":"2024-04-15T10:15:27.629Z"}
{"level":"info","message":"Patient not exist","timestamp":"2024-04-15T10:15:27.838Z"}
{"level":"info","message":"Patient not exist","timestamp":"2024-04-15T10:15:28.011Z"}
{"level":"info","message":"Patient not exist","timestamp":"2024-04-15T10:15:28.147Z"}
{"level":"info","message":"Patient not exist","timestamp":"2024-04-15T10:15:28.313Z"}
{"level":"info","message":"Patient not exist","timestamp":"2024-04-15T10:15:28.456Z"}
{"level":"info","message":"Patient not exist","timestamp":"2024-04-15T10:15:28.617Z"}
{"level":"info","message":"Patient not exist","timestamp":"2024-04-15T10:15:28.780Z"}
{"level":"info","message":"Patient not exist","timestamp":"2024-04-15T10:15:28.928Z"}
{"level":"info","message":"Patient not exist","timestamp":"2024-04-15T10:15:29.056Z"}
{"level":"info","message":"Patient not exist","timestamp":"2024-04-15T10:15:29.256Z"}
{"level":"info","message":"Patient not exist","timestamp":"2024-04-15T10:15:29.413Z"}
{"level":"info","message":"Patient not exist","timestamp":"2024-04-15T10:15:29.573Z"}
{"level":"info","message":"Patient not exist","timestamp":"2024-04-15T10:15:29.746Z"}
{"level":"info","message":"Patient not exist","timestamp":"2024-04-15T10:15:29.931Z"}
{"level":"info","message":"Patient not exist","timestamp":"2024-04-15T10:15:30.088Z"}
{"level":"info","message":"Patient not exist","timestamp":"2024-04-15T10:15:30.273Z"}
{"level":"info","message":"Patient not exist","timestamp":"2024-04-15T10:15:30.462Z"}
{"level":"info","message":"Patient not exist","timestamp":"2024-04-15T10:15:30.687Z"}
{"level":"info","message":"Patient not exist","timestamp":"2024-04-15T10:15:30.931Z"}
{"level":"info","message":"Patient not exist","timestamp":"2024-04-15T10:15:31.144Z"}
{"level":"info","message":"Patient not exist","timestamp":"2024-04-15T10:15:31.333Z"}
{"level":"info","message":"Patient not exist","timestamp":"2024-04-15T10:15:31.561Z"}
{"level":"info","message":"Patient not exist","timestamp":"2024-04-15T10:15:31.713Z"}
{"level":"info","message":"Patient not exist","timestamp":"2024-04-15T10:15:31.935Z"}
{"level":"info","message":"Patient not exist","timestamp":"2024-04-15T10:15:32.087Z"}
{"level":"info","message":"Patient not exist","timestamp":"2024-04-15T10:15:32.275Z"}
{"level":"info","message":"Patient not exist","timestamp":"2024-04-15T10:15:32.437Z"}
{"level":"info","message":"Patient not exist","timestamp":"2024-04-15T10:15:32.575Z"}
{"level":"info","message":"Patient not exist","timestamp":"2024-04-15T10:15:32.784Z"}
{"level":"info","message":"Patient not exist","timestamp":"2024-04-15T10:15:32.929Z"}
{"level":"info","message":"Patient not exist","timestamp":"2024-04-15T10:15:33.155Z"}
{"level":"info","message":"Patient not exist","timestamp":"2024-04-15T10:15:33.345Z"}
{"level":"info","message":"Patient not exist","timestamp":"2024-04-15T10:15:33.612Z"}
{"level":"info","message":"Patient not exist","timestamp":"2024-04-15T10:15:33.863Z"}
{"level":"info","message":"Patient not exist","timestamp":"2024-04-15T10:15:34.035Z"}
{"level":"info","message":"Patient not exist","timestamp":"2024-04-15T10:15:34.246Z"}
{"level":"info","message":"Patient not exist","timestamp":"2024-04-15T10:15:34.408Z"}
{"level":"info","message":"Patient not exist","timestamp":"2024-04-15T10:15:34.562Z"}
{"level":"info","message":"Patient not exist","timestamp":"2024-04-15T10:15:34.763Z"}
{"level":"info","message":"Patient not exist","timestamp":"2024-04-15T10:15:34.933Z"}
{"level":"info","message":"Patient not exist","timestamp":"2024-04-15T10:15:35.157Z"}
{"level":"info","message":"Patient not exist","timestamp":"2024-04-15T10:15:35.295Z"}
{"level":"info","message":"Patient not exist","timestamp":"2024-04-15T10:15:35.491Z"}
{"level":"info","message":"Patient not exist","timestamp":"2024-04-15T10:15:35.673Z"}
{"level":"info","message":"Patient not exist","timestamp":"2024-04-15T10:15:35.826Z"}
{"level":"info","message":"Patient not exist","timestamp":"2024-04-15T10:15:36.029Z"}
{"level":"info","message":"Patient not exist","timestamp":"2024-04-15T10:15:36.184Z"}
{"level":"info","message":"Patient not exist","timestamp":"2024-04-15T10:15:36.374Z"}
{"level":"info","message":"Patient not exist","timestamp":"2024-04-15T10:15:36.615Z"}
{"level":"info","message":"Patient not exist","timestamp":"2024-04-15T10:15:36.787Z"}
{"level":"info","message":"Patient not exist","timestamp":"2024-04-15T10:15:37.044Z"}
{"level":"info","message":"Patient not exist","timestamp":"2024-04-15T10:15:37.236Z"}
{"level":"info","message":"Patient not exist","timestamp":"2024-04-15T10:15:37.610Z"}
{"level":"info","message":"Patient not exist","timestamp":"2024-04-15T10:15:37.899Z"}
{"level":"info","message":"Patient not exist","timestamp":"2024-04-15T10:15:38.082Z"}
{"level":"info","message":"Patient not exist","timestamp":"2024-04-15T10:15:38.279Z"}
{"level":"info","message":"Patient not exist","timestamp":"2024-04-15T10:15:38.562Z"}
{"level":"info","message":"Patient not exist","timestamp":"2024-04-15T10:15:38.754Z"}
{"level":"info","message":"Patient not exist","timestamp":"2024-04-15T10:15:38.947Z"}
{"level":"info","message":"Patient not exist","timestamp":"2024-04-15T10:15:39.141Z"}
{"level":"info","message":"Patient not exist","timestamp":"2024-04-15T10:15:39.344Z"}
{"level":"info","message":"Patient not exist","timestamp":"2024-04-15T10:15:39.536Z"}
{"level":"info","message":"Patient not exist","timestamp":"2024-04-15T10:15:39.757Z"}
{"level":"info","message":"Patient not exist","timestamp":"2024-04-15T10:15:39.949Z"}
{"level":"info","message":"Patient not exist","timestamp":"2024-04-15T10:15:40.129Z"}
{"level":"info","message":"Patient not exist","timestamp":"2024-04-15T10:15:40.318Z"}
{"level":"info","message":"Patient not exist","timestamp":"2024-04-15T10:15:40.510Z"}
{"level":"info","message":"Patient not exist","timestamp":"2024-04-15T10:15:40.680Z"}
{"level":"info","message":"Patient not exist","timestamp":"2024-04-15T10:15:40.891Z"}
{"level":"info","message":"Patient not exist","timestamp":"2024-04-15T10:15:41.083Z"}
{"level":"info","message":"Patient not exist","timestamp":"2024-04-15T10:15:41.282Z"}
{"level":"info","message":"Patient not exist","timestamp":"2024-04-15T10:15:41.483Z"}
{"level":"info","message":"Patient not exist","timestamp":"2024-04-15T10:15:41.695Z"}
{"level":"info","message":"Patient not exist","timestamp":"2024-04-15T10:15:41.880Z"}
{"level":"info","message":"Patient not exist","timestamp":"2024-04-15T10:15:42.082Z"}
{"level":"info","message":"Patient not exist","timestamp":"2024-04-15T10:15:42.281Z"}
{"level":"info","message":"Patient not exist","timestamp":"2024-04-15T10:15:42.494Z"}
{"level":"info","message":"Patient not exist","timestamp":"2024-04-15T10:15:42.691Z"}
{"level":"info","message":"Patient not exist","timestamp":"2024-04-15T10:15:42.884Z"}
{"level":"info","message":"Patient not exist","timestamp":"2024-04-15T10:15:43.081Z"}
{"level":"info","message":"Patient not exist","timestamp":"2024-04-15T10:15:43.276Z"}
{"level":"info","message":"Patient not exist","timestamp":"2024-04-15T10:15:43.517Z"}
{"level":"info","message":"Patient not exist","timestamp":"2024-04-15T10:15:43.715Z"}
{"level":"info","message":"Patient not exist","timestamp":"2024-04-15T10:15:43.925Z"}
{"level":"info","message":"Patient not exist","timestamp":"2024-04-15T10:15:44.138Z"}
{"level":"info","message":"Patient not exist","timestamp":"2024-04-15T10:15:44.321Z"}
{"level":"info","message":"Patient not exist","timestamp":"2024-04-15T10:15:44.521Z"}
{"level":"info","message":"Patient not exist","timestamp":"2024-04-15T10:15:44.721Z"}
{"level":"info","message":"Patient not exist","timestamp":"2024-04-15T10:15:44.948Z"}
{"level":"info","message":"Patient not exist","timestamp":"2024-04-15T10:15:45.147Z"}
{"level":"info","message":"Patient not exist","timestamp":"2024-04-15T10:15:45.349Z"}
{"level":"info","message":"Patient not exist","timestamp":"2024-04-15T10:15:45.548Z"}
{"level":"info","message":"Patient not exist","timestamp":"2024-04-15T10:15:45.724Z"}
{"level":"info","message":"Patient not exist","timestamp":"2024-04-15T10:15:45.910Z"}
{"level":"info","message":"Patient not exist","timestamp":"2024-04-15T10:15:46.092Z"}
{"level":"info","message":"Patient not exist","timestamp":"2024-04-15T10:15:46.277Z"}
{"level":"info","message":"Patient not exist","timestamp":"2024-04-15T10:15:46.466Z"}
{"level":"info","message":"Patient not exist","timestamp":"2024-04-15T10:15:46.650Z"}
{"level":"info","message":"Patient not exist","timestamp":"2024-04-15T10:15:46.840Z"}
{"level":"info","message":"Patient not exist","timestamp":"2024-04-15T10:15:47.027Z"}
{"level":"info","message":"Patient not exist","timestamp":"2024-04-15T10:15:47.261Z"}
{"level":"info","message":"Patient not exist","timestamp":"2024-04-15T10:15:47.453Z"}
{"level":"info","message":"Patient not exist","timestamp":"2024-04-15T10:15:47.644Z"}
{"level":"info","message":"Patient not exist","timestamp":"2024-04-15T10:15:47.849Z"}
{"level":"info","message":"Patient not exist","timestamp":"2024-04-15T10:15:48.045Z"}
{"level":"info","message":"Patient not exist","timestamp":"2024-04-15T10:15:48.228Z"}
{"level":"info","message":"Patient not exist","timestamp":"2024-04-15T10:15:48.437Z"}
{"level":"info","message":"Patient not exist","timestamp":"2024-04-15T10:15:48.679Z"}
{"level":"info","message":"Patient not exist","timestamp":"2024-04-15T10:15:48.878Z"}
{"level":"info","message":"Patient not exist","timestamp":"2024-04-15T10:15:49.097Z"}
{"level":"info","message":"Patient not exist","timestamp":"2024-04-15T10:15:49.317Z"}
{"level":"info","message":"Patient not exist","timestamp":"2024-04-15T10:15:49.542Z"}
{"level":"info","message":"Patient not exist","timestamp":"2024-04-15T10:15:49.743Z"}
{"level":"info","message":"Patient not exist","timestamp":"2024-04-15T10:15:49.930Z"}
{"level":"info","message":"Patient not exist","timestamp":"2024-04-15T10:15:50.120Z"}
{"level":"info","message":"Patient not exist","timestamp":"2024-04-15T10:15:50.329Z"}
{"level":"info","message":"Patient not exist","timestamp":"2024-04-15T10:15:50.543Z"}
{"level":"info","message":"Patient not exist","timestamp":"2024-04-15T10:15:50.744Z"}
{"level":"info","message":"Patient not exist","timestamp":"2024-04-15T10:15:50.947Z"}
{"level":"info","message":"Patient not exist","timestamp":"2024-04-15T10:15:51.173Z"}
{"level":"info","message":"Patient not exist","timestamp":"2024-04-15T10:15:51.366Z"}
{"level":"info","message":"Patient not exist","timestamp":"2024-04-15T10:15:51.562Z"}
{"level":"info","message":"Patient not exist","timestamp":"2024-04-15T10:15:51.752Z"}
{"level":"info","message":"Patient not exist","timestamp":"2024-04-15T10:15:51.951Z"}
{"level":"info","message":"Patient not exist","timestamp":"2024-04-15T10:15:52.169Z"}
{"level":"info","message":"Patient not exist","timestamp":"2024-04-15T10:15:52.353Z"}
{"level":"info","message":"Patient not exist","timestamp":"2024-04-15T10:15:52.539Z"}
{"level":"info","message":"Patient not exist","timestamp":"2024-04-15T10:15:52.740Z"}
{"level":"info","message":"Patient not exist","timestamp":"2024-04-15T10:15:52.931Z"}
{"level":"info","message":"Patient not exist","timestamp":"2024-04-15T10:15:53.129Z"}
{"level":"info","message":"Patient not exist","timestamp":"2024-04-15T10:15:53.325Z"}
{"level":"info","message":"Patient not exist","timestamp":"2024-04-15T10:15:53.538Z"}
{"level":"info","message":"Patient not exist","timestamp":"2024-04-15T10:15:53.736Z"}
{"level":"info","message":"Patient not exist","timestamp":"2024-04-15T10:15:53.941Z"}
{"level":"info","message":"Patient not exist","timestamp":"2024-04-15T10:15:54.169Z"}
{"level":"info","message":"Patient not exist","timestamp":"2024-04-15T10:15:54.376Z"}
{"level":"info","message":"Patient not exist","timestamp":"2024-04-15T10:15:54.588Z"}
{"level":"info","message":"Patient not exist","timestamp":"2024-04-15T10:15:54.806Z"}
{"level":"info","message":"Patient not exist","timestamp":"2024-04-15T10:15:54.996Z"}
{"level":"info","message":"Patient not exist","timestamp":"2024-04-15T10:15:55.230Z"}
{"level":"info","message":"Patient not exist","timestamp":"2024-04-15T10:15:55.436Z"}
{"level":"info","message":"Patient not exist","timestamp":"2024-04-15T10:15:55.630Z"}
{"level":"info","message":"Patient not exist","timestamp":"2024-04-15T10:15:55.823Z"}
{"level":"info","message":"Patient not exist","timestamp":"2024-04-15T10:15:56.032Z"}
{"level":"info","message":"Patient not exist","timestamp":"2024-04-15T10:15:56.251Z"}
{"level":"info","message":"Patient not exist","timestamp":"2024-04-15T10:15:56.475Z"}
{"level":"info","message":"Patient not exist","timestamp":"2024-04-15T10:15:56.677Z"}
{"level":"info","message":"Patient not exist","timestamp":"2024-04-15T10:15:56.874Z"}
{"level":"info","message":"Patient not exist","timestamp":"2024-04-15T10:15:57.081Z"}
{"level":"info","message":"Patient not exist","timestamp":"2024-04-15T10:15:57.289Z"}
{"level":"info","message":"Patient not exist","timestamp":"2024-04-15T10:15:57.530Z"}
{"level":"info","message":"Patient not exist","timestamp":"2024-04-15T10:15:57.752Z"}
{"level":"info","message":"Patient not exist","timestamp":"2024-04-15T10:15:57.957Z"}
{"level":"info","message":"Patient not exist","timestamp":"2024-04-15T10:15:58.226Z"}
{"level":"info","message":"Patient not exist","timestamp":"2024-04-15T10:15:58.451Z"}
{"level":"info","message":"Patient not exist","timestamp":"2024-04-15T10:15:58.696Z"}
{"level":"info","message":"Patient not exist","timestamp":"2024-04-15T10:15:58.897Z"}
{"level":"info","message":"Patient not exist","timestamp":"2024-04-15T10:15:59.109Z"}
{"level":"info","message":"Patient not exist","timestamp":"2024-04-15T10:15:59.309Z"}
{"level":"info","message":"Patient not exist","timestamp":"2024-04-15T10:15:59.547Z"}
{"level":"info","message":"Patient not exist","timestamp":"2024-04-15T10:15:59.754Z"}
{"level":"info","message":"Patient not exist","timestamp":"2024-04-15T10:15:59.969Z"}
{"level":"info","message":"Patient not exist","timestamp":"2024-04-15T10:16:00.180Z"}
{"level":"info","message":"Patient not exist","timestamp":"2024-04-15T10:16:00.415Z"}
{"level":"info","message":"Patient not exist","timestamp":"2024-04-15T10:16:00.638Z"}
{"level":"info","message":"Patient not exist","timestamp":"2024-04-15T10:16:00.861Z"}
{"level":"info","message":"Patient not exist","timestamp":"2024-04-15T10:16:01.079Z"}
{"level":"info","message":"Patient not exist","timestamp":"2024-04-15T10:16:01.303Z"}
{"level":"info","message":"Patient not exist","timestamp":"2024-04-15T10:16:01.498Z"}
{"level":"info","message":"Patient not exist","timestamp":"2024-04-15T10:16:01.755Z"}
{"level":"info","message":"Patient not exist","timestamp":"2024-04-15T10:16:01.976Z"}
{"level":"info","message":"Patient not exist","timestamp":"2024-04-15T10:16:02.200Z"}
{"level":"info","message":"Patient not exist","timestamp":"2024-04-15T10:16:02.427Z"}
{"level":"info","message":"Patient not exist","timestamp":"2024-04-15T10:16:02.718Z"}
{"level":"info","message":"Patient not exist","timestamp":"2024-04-15T10:16:02.921Z"}
{"level":"info","message":"Patient not exist","timestamp":"2024-04-15T10:16:03.140Z"}
{"level":"info","message":"Patient not exist","timestamp":"2024-04-15T10:16:03.342Z"}
{"level":"info","message":"Patient not exist","timestamp":"2024-04-15T10:16:03.576Z"}
{"level":"info","message":"Patient not exist","timestamp":"2024-04-15T10:16:03.809Z"}
{"level":"info","message":"Patient not exist","timestamp":"2024-04-15T10:16:04.025Z"}
{"level":"info","message":"Patient not exist","timestamp":"2024-04-15T10:16:04.257Z"}
{"level":"info","message":"Patient not exist","timestamp":"2024-04-15T10:16:04.480Z"}
{"level":"info","message":"Patient not exist","timestamp":"2024-04-15T10:16:04.729Z"}
{"level":"info","message":"Patient not exist","timestamp":"2024-04-15T10:16:04.987Z"}
{"level":"info","message":"Patient not exist","timestamp":"2024-04-15T10:16:05.287Z"}
{"level":"info","message":"Patient not exist","timestamp":"2024-04-15T10:16:05.533Z"}
{"level":"info","message":"Patient not exist","timestamp":"2024-04-15T10:16:05.760Z"}
{"level":"info","message":"Patient not exist","timestamp":"2024-04-15T10:16:06.043Z"}
{"level":"info","message":"Patient not exist","timestamp":"2024-04-15T10:16:06.272Z"}
{"level":"info","message":"Patient not exist","timestamp":"2024-04-15T10:16:06.521Z"}
{"level":"info","message":"Patient not exist","timestamp":"2024-04-15T10:16:06.742Z"}
{"level":"info","message":"Patient not exist","timestamp":"2024-04-15T10:16:07.031Z"}
{"level":"info","message":"Patient not exist","timestamp":"2024-04-15T10:16:07.258Z"}
{"level":"info","message":"Patient not exist","timestamp":"2024-04-15T10:16:07.509Z"}
{"level":"info","message":"Patient not exist","timestamp":"2024-04-15T10:16:07.711Z"}
{"level":"info","message":"Patient not exist","timestamp":"2024-04-15T10:16:07.934Z"}
{"level":"info","message":"Patient not exist","timestamp":"2024-04-15T10:16:08.168Z"}
{"level":"info","message":"Patient not exist","timestamp":"2024-04-15T10:16:08.454Z"}
{"level":"info","message":"Patient not exist","timestamp":"2024-04-15T10:16:08.721Z"}
{"level":"info","message":"Patient not exist","timestamp":"2024-04-15T10:16:09.063Z"}
{"level":"info","message":"Patient not exist","timestamp":"2024-04-15T10:16:09.309Z"}
{"level":"info","message":"Patient not exist","timestamp":"2024-04-15T10:16:09.546Z"}
{"level":"info","message":"Patient not exist","timestamp":"2024-04-15T10:16:09.806Z"}
{"level":"info","message":"Patient not exist","timestamp":"2024-04-15T10:16:10.048Z"}
{"level":"info","message":"Patient not exist","timestamp":"2024-04-15T10:16:10.294Z"}
{"level":"info","message":"Patient not exist","timestamp":"2024-04-15T10:16:10.530Z"}
{"level":"info","message":"Patient not exist","timestamp":"2024-04-15T10:16:10.754Z"}
{"level":"info","message":"Patient not exist","timestamp":"2024-04-15T10:16:11.041Z"}
{"level":"info","message":"Patient not exist","timestamp":"2024-04-15T10:16:11.319Z"}
{"level":"info","message":"Patient not exist","timestamp":"2024-04-15T10:16:11.594Z"}
{"level":"info","message":"Patient not exist","timestamp":"2024-04-15T10:16:11.812Z"}
{"level":"info","message":"Patient not exist","timestamp":"2024-04-15T10:16:12.070Z"}
{"level":"info","message":"Patient not exist","timestamp":"2024-04-15T10:16:12.310Z"}
{"level":"info","message":"Patient not exist","timestamp":"2024-04-15T10:16:12.561Z"}
{"level":"info","message":"Patient not exist","timestamp":"2024-04-15T10:16:12.776Z"}
{"level":"info","message":"Patient not exist","timestamp":"2024-04-15T10:16:13.067Z"}
{"level":"info","message":"Patient not exist","timestamp":"2024-04-15T10:16:13.293Z"}
{"level":"info","message":"Patient not exist","timestamp":"2024-04-15T10:16:13.532Z"}
{"level":"info","message":"Patient not exist","timestamp":"2024-04-15T10:16:16.389Z"}
{"level":"info","message":"Patient not exist","timestamp":"2024-04-15T10:16:16.412Z"}
{"level":"info","message":"Patient not exist","timestamp":"2024-04-15T10:16:16.436Z"}
{"level":"info","message":"Patient not exist","timestamp":"2024-04-15T10:16:16.461Z"}
{"level":"info","message":"Patient not exist","timestamp":"2024-04-15T10:16:16.550Z"}
{"level":"info","message":"Patient not exist","timestamp":"2024-04-15T10:16:16.585Z"}
{"level":"info","message":"Patient not exist","timestamp":"2024-04-15T10:16:16.611Z"}
{"level":"info","message":"Patient not exist","timestamp":"2024-04-15T10:16:16.910Z"}
{"level":"info","message":"Patient not exist","timestamp":"2024-04-15T10:16:17.149Z"}
{"level":"info","message":"Successfully fetch  UserInput find by BOT","timestamp":"2024-04-15T10:16:17.384Z"}
{"level":"info","message":"Patient not exist","timestamp":"2024-04-15T10:16:17.687Z"}
{"level":"info","message":"Patient not exist","timestamp":"2024-04-15T10:16:17.932Z"}
{"level":"info","message":"Patient not exist","timestamp":"2024-04-15T10:16:18.208Z"}
{"level":"info","message":"Patient not exist","timestamp":"2024-04-15T10:16:18.445Z"}
{"level":"info","message":"Patient not exist","timestamp":"2024-04-15T10:16:18.722Z"}
{"level":"info","message":"Patient not exist","timestamp":"2024-04-15T10:16:18.962Z"}
{"level":"info","message":"Patient not exist","timestamp":"2024-04-15T10:16:19.397Z"}
{"level":"info","message":"Patient not exist","timestamp":"2024-04-15T10:16:19.756Z"}
{"level":"info","message":"Patient not exist","timestamp":"2024-04-15T10:16:20.124Z"}
{"level":"info","message":"Patient not exist","timestamp":"2024-04-15T10:16:20.432Z"}
{"level":"info","message":"Patient not exist","timestamp":"2024-04-15T10:16:20.708Z"}
{"level":"info","message":"Patient not exist","timestamp":"2024-04-15T10:16:20.993Z"}
{"level":"info","message":"Patient not exist","timestamp":"2024-04-15T10:16:21.277Z"}
{"level":"info","message":"Patient not exist","timestamp":"2024-04-15T10:16:21.539Z"}
{"level":"info","message":"Patient not exist","timestamp":"2024-04-15T10:16:21.814Z"}
{"level":"info","message":"Patient not exist","timestamp":"2024-04-15T10:16:22.073Z"}
{"level":"info","message":"Patient not exist","timestamp":"2024-04-15T10:16:22.347Z"}
{"level":"info","message":"Patient not exist","timestamp":"2024-04-15T10:16:22.623Z"}
{"level":"info","message":"Patient not exist","timestamp":"2024-04-15T10:16:22.905Z"}
{"level":"info","message":"Patient not exist","timestamp":"2024-04-15T10:16:23.166Z"}
{"level":"info","message":"Patient not exist","timestamp":"2024-04-15T10:16:23.474Z"}
{"level":"info","message":"Patient not exist","timestamp":"2024-04-15T10:16:23.772Z"}
{"level":"info","message":"Patient not exist","timestamp":"2024-04-15T10:16:24.049Z"}
{"level":"info","message":"Patient not exist","timestamp":"2024-04-15T10:16:24.297Z"}
{"level":"info","message":"Patient not exist","timestamp":"2024-04-15T10:16:24.600Z"}
{"level":"info","message":"Patient not exist","timestamp":"2024-04-15T10:16:24.862Z"}
{"level":"info","message":"Patient not exist","timestamp":"2024-04-15T10:16:25.146Z"}
{"level":"info","message":"Patient not exist","timestamp":"2024-04-15T10:16:25.450Z"}
{"level":"info","message":"Patient not exist","timestamp":"2024-04-15T10:16:25.802Z"}
{"level":"info","message":"Patient not exist","timestamp":"2024-04-15T10:16:26.138Z"}
{"level":"info","message":"Patient not exist","timestamp":"2024-04-15T10:16:26.472Z"}
{"level":"info","message":"Patient not exist","timestamp":"2024-04-15T10:16:26.758Z"}
{"level":"info","message":"Patient not exist","timestamp":"2024-04-15T10:16:27.148Z"}
{"level":"info","message":"Patient not exist","timestamp":"2024-04-15T10:16:27.458Z"}
{"level":"info","message":"Patient not exist","timestamp":"2024-04-15T10:16:27.781Z"}
{"level":"info","message":"Patient not exist","timestamp":"2024-04-15T10:16:28.085Z"}
{"level":"info","message":"Patient not exist","timestamp":"2024-04-15T10:16:28.385Z"}
{"level":"info","message":"Patient not exist","timestamp":"2024-04-15T10:16:28.675Z"}
{"level":"info","message":"Patient not exist","timestamp":"2024-04-15T10:16:28.956Z"}
{"level":"info","message":"Patient not exist","timestamp":"2024-04-15T10:16:29.232Z"}
{"level":"info","message":"Patient not exist","timestamp":"2024-04-15T10:16:29.503Z"}
{"level":"info","message":"Patient not exist","timestamp":"2024-04-15T10:16:29.831Z"}
{"level":"info","message":"Patient not exist","timestamp":"2024-04-15T10:16:30.167Z"}
{"level":"info","message":"Patient not exist","timestamp":"2024-04-15T10:16:30.451Z"}
{"level":"info","message":"Patient not exist","timestamp":"2024-04-15T10:16:30.776Z"}
{"level":"info","message":"Patient not exist","timestamp":"2024-04-15T10:16:31.095Z"}
{"level":"info","message":"Patient not exist","timestamp":"2024-04-15T10:16:31.416Z"}
{"level":"info","message":"Patient not exist","timestamp":"2024-04-15T10:16:31.733Z"}
{"level":"info","message":"Patient not exist","timestamp":"2024-04-15T10:16:32.050Z"}
{"level":"info","message":"Patient not exist","timestamp":"2024-04-15T10:16:32.338Z"}
{"level":"info","message":"Patient not exist","timestamp":"2024-04-15T10:16:32.756Z"}
{"level":"info","message":"Patient not exist","timestamp":"2024-04-15T10:16:33.070Z"}
{"level":"info","message":"Patient not exist","timestamp":"2024-04-15T10:16:33.400Z"}
{"level":"info","message":"Patient not exist","timestamp":"2024-04-15T10:16:33.684Z"}
{"level":"info","message":"Patient not exist","timestamp":"2024-04-15T10:16:34.001Z"}
{"level":"info","message":"Patient not exist","timestamp":"2024-04-15T10:16:34.365Z"}
{"level":"info","message":"Patient not exist","timestamp":"2024-04-15T10:16:34.737Z"}
{"level":"info","message":"Patient not exist","timestamp":"2024-04-15T10:16:35.061Z"}
{"level":"info","message":"Patient not exist","timestamp":"2024-04-15T10:16:35.430Z"}
{"level":"info","message":"Patient not exist","timestamp":"2024-04-15T10:16:35.748Z"}
{"level":"info","message":"Patient not exist","timestamp":"2024-04-15T10:16:36.050Z"}
{"level":"info","message":"Patient not exist","timestamp":"2024-04-15T10:16:36.372Z"}
{"level":"info","message":"Patient not exist","timestamp":"2024-04-15T10:16:36.715Z"}
{"level":"info","message":"Patient not exist","timestamp":"2024-04-15T10:16:37.131Z"}
{"level":"info","message":"Patient not exist","timestamp":"2024-04-15T10:16:37.665Z"}
{"level":"info","message":"Patient not exist","timestamp":"2024-04-15T10:16:38.041Z"}
{"level":"info","message":"Patient not exist","timestamp":"2024-04-15T10:16:38.372Z"}
{"level":"info","message":"Patient not exist","timestamp":"2024-04-15T10:16:38.673Z"}
{"level":"info","message":"Patient not exist","timestamp":"2024-04-15T10:16:39.058Z"}
{"level":"info","message":"Patient not exist","timestamp":"2024-04-15T10:16:39.337Z"}
{"level":"info","message":"Patient not exist","timestamp":"2024-04-15T10:16:39.608Z"}
{"level":"info","message":"Patient not exist","timestamp":"2024-04-15T10:16:39.889Z"}
{"level":"info","message":"Patient not exist","timestamp":"2024-04-15T10:16:40.219Z"}
{"level":"info","message":"Patient not exist","timestamp":"2024-04-15T10:16:40.543Z"}
{"level":"info","message":"Patient not exist","timestamp":"2024-04-15T10:16:40.871Z"}
{"level":"info","message":"Patient not exist","timestamp":"2024-04-15T10:16:41.225Z"}
{"level":"info","message":"Patient not exist","timestamp":"2024-04-15T10:16:41.543Z"}
{"level":"info","message":"Patient not exist","timestamp":"2024-04-15T10:16:41.858Z"}
{"level":"info","message":"Patient not exist","timestamp":"2024-04-15T10:16:42.176Z"}
{"level":"info","message":"Patient not exist","timestamp":"2024-04-15T10:16:42.487Z"}
{"level":"info","message":"Patient not exist","timestamp":"2024-04-15T10:16:42.858Z"}
{"level":"info","message":"Patient not exist","timestamp":"2024-04-15T10:16:43.175Z"}
{"level":"info","message":"Patient not exist","timestamp":"2024-04-15T10:16:43.472Z"}
{"level":"info","message":"Patient not exist","timestamp":"2024-04-15T10:16:43.762Z"}
{"level":"info","message":"Patient not exist","timestamp":"2024-04-15T10:16:44.100Z"}
{"level":"info","message":"Patient not exist","timestamp":"2024-04-15T10:16:44.426Z"}
{"level":"info","message":"Patient not exist","timestamp":"2024-04-15T10:16:44.791Z"}
{"level":"info","message":"Patient not exist","timestamp":"2024-04-15T10:16:45.080Z"}
{"level":"info","message":"Patient not exist","timestamp":"2024-04-15T10:16:45.429Z"}
{"level":"info","message":"Patient not exist","timestamp":"2024-04-15T10:16:45.778Z"}
{"level":"info","message":"Patient not exist","timestamp":"2024-04-15T10:16:46.228Z"}
{"level":"info","message":"Patient not exist","timestamp":"2024-04-15T10:16:46.541Z"}
{"level":"info","message":"Patient not exist","timestamp":"2024-04-15T10:16:46.892Z"}
{"level":"info","message":"Patient not exist","timestamp":"2024-04-15T10:16:47.266Z"}
{"level":"info","message":"Patient not exist","timestamp":"2024-04-15T10:16:47.623Z"}
{"level":"info","message":"Patient not exist","timestamp":"2024-04-15T10:16:47.951Z"}
{"level":"info","message":"Patient not exist","timestamp":"2024-04-15T10:16:48.302Z"}
{"level":"info","message":"Patient not exist","timestamp":"2024-04-15T10:16:48.599Z"}
{"level":"info","message":"Patient not exist","timestamp":"2024-04-15T10:16:48.923Z"}
{"level":"info","message":"Patient not exist","timestamp":"2024-04-15T10:16:49.311Z"}
{"level":"info","message":"Patient not exist","timestamp":"2024-04-15T10:16:49.626Z"}
{"level":"info","message":"Patient not exist","timestamp":"2024-04-15T10:16:49.988Z"}
{"level":"info","message":"Patient not exist","timestamp":"2024-04-15T10:16:50.346Z"}
{"level":"info","message":"Patient not exist","timestamp":"2024-04-15T10:16:50.684Z"}
{"level":"info","message":"Patient not exist","timestamp":"2024-04-15T10:16:51.042Z"}
{"level":"info","message":"Patient not exist","timestamp":"2024-04-15T10:16:51.351Z"}
{"level":"info","message":"Patient not exist","timestamp":"2024-04-15T10:16:51.673Z"}
{"level":"info","message":"Patient not exist","timestamp":"2024-04-15T10:16:51.951Z"}
{"level":"info","message":"Patient not exist","timestamp":"2024-04-15T10:16:52.325Z"}
{"level":"info","message":"Patient not exist","timestamp":"2024-04-15T10:16:52.684Z"}
{"level":"info","message":"Patient not exist","timestamp":"2024-04-15T10:16:53.019Z"}
{"level":"info","message":"Patient not exist","timestamp":"2024-04-15T10:16:53.346Z"}
{"level":"info","message":"Patient not exist","timestamp":"2024-04-15T10:16:53.671Z"}
{"level":"info","message":"Patient not exist","timestamp":"2024-04-15T10:16:54.003Z"}
{"level":"info","message":"Patient not exist","timestamp":"2024-04-15T10:16:54.408Z"}
{"level":"info","message":"Patient not exist","timestamp":"2024-04-15T10:16:54.697Z"}
{"level":"info","message":"Patient not exist","timestamp":"2024-04-15T10:16:55.039Z"}
{"level":"info","message":"Patient not exist","timestamp":"2024-04-15T10:16:55.394Z"}
{"level":"info","message":"Patient not exist","timestamp":"2024-04-15T10:16:55.776Z"}
{"level":"info","message":"Patient not exist","timestamp":"2024-04-15T10:16:56.092Z"}
{"level":"info","message":"Patient not exist","timestamp":"2024-04-15T10:16:56.466Z"}
{"level":"info","message":"Patient not exist","timestamp":"2024-04-15T10:16:56.771Z"}
{"level":"info","message":"Patient not exist","timestamp":"2024-04-15T10:16:57.232Z"}
{"level":"info","message":"Patient not exist","timestamp":"2024-04-15T10:16:57.542Z"}
{"level":"info","message":"Patient not exist","timestamp":"2024-04-15T10:16:57.880Z"}
{"level":"info","message":"Patient not exist","timestamp":"2024-04-15T10:16:58.232Z"}
{"level":"info","message":"Patient not exist","timestamp":"2024-04-15T10:16:58.607Z"}
{"level":"info","message":"Patient not exist","timestamp":"2024-04-15T10:16:58.940Z"}
{"level":"info","message":"Patient not exist","timestamp":"2024-04-15T10:16:59.279Z"}
{"level":"info","message":"Patient not exist","timestamp":"2024-04-15T10:16:59.572Z"}
{"level":"info","message":"Patient not exist","timestamp":"2024-04-15T10:16:59.917Z"}
{"level":"info","message":"Patient not exist","timestamp":"2024-04-15T10:17:00.282Z"}
{"level":"info","message":"Patient not exist","timestamp":"2024-04-15T10:17:00.686Z"}
{"level":"info","message":"Patient not exist","timestamp":"2024-04-15T10:17:01.027Z"}
{"level":"info","message":"Patient not exist","timestamp":"2024-04-15T10:17:01.377Z"}
{"level":"info","message":"Patient not exist","timestamp":"2024-04-15T10:17:01.751Z"}
{"level":"info","message":"Patient not exist","timestamp":"2024-04-15T10:17:02.171Z"}
{"level":"info","message":"Patient not exist","timestamp":"2024-04-15T10:17:02.529Z"}
{"level":"info","message":"Patient not exist","timestamp":"2024-04-15T10:17:02.994Z"}
{"level":"info","message":"Patient not exist","timestamp":"2024-04-15T10:17:03.389Z"}
{"level":"info","message":"Patient not exist","timestamp":"2024-04-15T10:17:03.872Z"}
{"level":"info","message":"Patient not exist","timestamp":"2024-04-15T10:17:04.295Z"}
{"level":"info","message":"Patient not exist","timestamp":"2024-04-15T10:17:04.735Z"}
{"level":"info","message":"Patient not exist","timestamp":"2024-04-15T10:17:05.063Z"}
{"level":"info","message":"Patient not exist","timestamp":"2024-04-15T10:17:05.501Z"}
{"level":"info","message":"Patient not exist","timestamp":"2024-04-15T10:17:06.021Z"}
{"level":"info","message":"Patient not exist","timestamp":"2024-04-15T10:17:06.362Z"}
{"level":"info","message":"Patient not exist","timestamp":"2024-04-15T10:17:07.313Z"}
{"level":"info","message":"Patient not exist","timestamp":"2024-04-15T10:17:07.643Z"}
{"level":"info","message":"Patient not exist","timestamp":"2024-04-15T10:17:42.351Z"}
{"level":"info","message":"Patient not exist","timestamp":"2024-04-15T10:17:42.353Z"}
{"level":"info","message":"Patient not exist","timestamp":"2024-04-15T10:17:42.372Z"}
{"level":"info","message":"Patient not exist","timestamp":"2024-04-15T10:17:42.592Z"}
{"level":"info","message":"Patient not exist","timestamp":"2024-04-15T10:18:52.402Z"}
{"level":"info","message":"Patient not exist","timestamp":"2024-04-15T10:20:08.413Z"}
{"level":"info","message":"Patient not exist","timestamp":"2024-04-15T10:23:32.755Z"}
{"level":"info","message":"Patient not exist","timestamp":"2024-04-15T10:25:19.515Z"}
{"level":"info","message":"Patient not exist","timestamp":"2024-04-15T10:28:45.188Z"}
{"level":"info","message":"Patient not exist","timestamp":"2024-04-15T10:29:44.144Z"}
{"level":"info","message":"Patient not exist","timestamp":"2024-04-15T10:32:40.481Z"}
{"level":"info","message":"Patient not exist","timestamp":"2024-04-15T10:36:15.177Z"}
{"level":"info","message":"Successfully fetch  UserInput find by BOT","timestamp":"2024-04-15T10:37:04.712Z"}
{"level":"info","message":"Successfully fetch  UserInput find by BOT","timestamp":"2024-04-15T10:42:47.171Z"}
